<?xml version="1.0" encoding="UTF-8"?>
<testsuites name="Roc_DEP_Transaction_Program" time="77" tests="1" failures="0" errors="0">
   <testsuite name="Roc_DEP_Transaction_Program" tests="1" failures="0" errors="0" time="77" timestamp="2019-06-24 09:21:14" hostname="khaja.h - LP-5CD7465GP0.HCLT.CORP.HCL.IN" id="Test Suites/Roc_DEP_Transaction_Program">
      <properties>
         <property name="deviceName" value=""/>
         <property name="devicePlatform" value=""/>
         <property name="logFolder" value="C:\\Users\\khaja.h\\Katalon Studio\\ADDI_Connect\\Reports\\Roc_DEP_Transaction_Program\\20190624_091900"/>
         <property name="logFiles" value="C:\\Users\\khaja.h\\Katalon Studio\\ADDI_Connect\\Reports\\Roc_DEP_Transaction_Program\\20190624_091900\\execution0.log"/>
         <property name="attachments" value=""/>
         <property name="hostName" value="khaja.h - LP-5CD7465GP0.HCLT.CORP.HCL.IN"/>
         <property name="hostAddress" value="172.23.0.1"/>
         <property name="os" value="Windows 10 64bit"/>
         <property name="katalonVersion" value="5.10.1.1"/>
      </properties>
      <testcase name="Test Cases/Roc_DEP_Transaction_Program/ROC_DEP_hogan_connector_txn_pgm" classname="Test Cases/Roc_DEP_Transaction_Program/ROC_DEP_hogan_connector_txn_pgm" status="PASSED">
         <system-out><![CDATA[2019-06-24 09:21:14 - [TEST_CASE][PASSED] - Test Cases/Roc_DEP_Transaction_Program/ROC_DEP_hogan_connector_txn_pgm: Test Cases/Roc_DEP_Transaction_Program/ROC_DEP_hogan_connector_txn_pgm

2019-06-24 09:21:15 - [TEST_STEP][PASSED] - response = sendRequest(findTestObject("Roc_DEP_Transaction_Program/ROC_DEP_hogan_connector_txn_pgm")): Send request successfully

2019-06-24 09:21:19 - [MESSAGE][INFO] - HAR: C:\Users\khaja.h\Katalon Studio\ADDI_Connect\Reports\Roc_DEP_Transaction_Program\20190624_091900\requests\main\0.har

2019-06-24 09:21:19 - [MESSAGE][PASSED] - Send request successfully

2019-06-24 09:21:19 - [TEST_STEP][PASSED] - verifyResponseStatusCode(response, 200): Verify response status code successfully

2019-06-24 09:21:19 - [MESSAGE][PASSED] - Verify response status code successfully

2019-06-24 09:21:19 - [TEST_STEP][PASSED] - slurper = new groovy.json.JsonSlurper(): null

2019-06-24 09:21:19 - [TEST_STEP][PASSED] - result = slurper.parseText(response.getResponseBodyContent()): null

2019-06-24 09:21:19 - [TEST_STEP][PASSED] - for ([i = 0, i <= 20, (i++)]): Call Test Case 'Test Cases/Roc_DEP_Transaction_Program/Transaction_Controller_Verify_Response' successfully

2019-06-24 09:21:19 - [TEST_STEP][PASSED] - function_application = value: null

2019-06-24 09:21:19 - [TEST_STEP][PASSED] - activityId = annText: null

2019-06-24 09:21:19 - [TEST_STEP][PASSED] - st = activityId.split(" "): null

2019-06-24 09:21:19 - [TEST_STEP][PASSED] - activity_id = st[0]: null

2019-06-24 09:21:19 - [TEST_STEP][PASSED] - program_Name = value: null

2019-06-24 09:21:19 - [TEST_STEP][PASSED] - activity_controller_url = "http://localhost:9090/hogan-connector/activity/" + activity_id: null

2019-06-24 09:21:19 - [TEST_STEP][PASSED] - callTestCase(findTestCase("Roc_DEP_Transaction_Program/Activity_Controller_Verify_Response"), ["activityid_url":activity_controller_url, "pro_name":program_Name], CONTINUE_ON_FAILURE): Call Test Case 'Test Cases/Roc_DEP_Transaction_Program/Activity_Controller_Verify_Response' successfully

2019-06-24 09:21:19 - [TEST_CASE][PASSED] - Test Cases/Roc_DEP_Transaction_Program/Activity_Controller_Verify_Response: Test Cases/Roc_DEP_Transaction_Program/Activity_Controller_Verify_Response

2019-06-24 09:21:20 - [TEST_STEP][PASSED] - response = sendRequest(findTestObject("Roc_DEP_Transaction_Program/Activity_Controller_Verify_Response", ["URLS":activityid_url])): Send request successfully

2019-06-24 09:21:20 - [MESSAGE][INFO] - HAR: C:\Users\khaja.h\Katalon Studio\ADDI_Connect\Reports\Roc_DEP_Transaction_Program\20190624_091900\requests\main\1.har

2019-06-24 09:21:20 - [MESSAGE][PASSED] - Send request successfully

2019-06-24 09:21:20 - [TEST_STEP][PASSED] - verifyResponseStatusCode(response, 200): Verify response status code successfully

2019-06-24 09:21:20 - [MESSAGE][PASSED] - Verify response status code successfully

2019-06-24 09:21:20 - [TEST_STEP][PASSED] - P_Name = pro_name: null

2019-06-24 09:21:20 - [TEST_STEP][PASSED] - println("public variable _program_Name:- " + P_Name): null

2019-06-24 09:21:20 - [TEST_STEP][PASSED] - verifyElementPropertyValue(response, "[0].programName", P_Name): Verify element property value successfully

2019-06-24 09:21:20 - [MESSAGE][PASSED] - Verify element property value successfully

2019-06-24 09:21:20 - [TEST_STEP][PASSED] - slurper = new groovy.json.JsonSlurper(): null

2019-06-24 09:21:20 - [TEST_STEP][PASSED] - result = slurper.parseText(response.getResponseBodyContent()): null

2019-06-24 09:21:20 - [TEST_STEP][PASSED] - programname = programName: null

2019-06-24 09:21:20 - [TEST_STEP][PASSED] - activitytype = activityType: null

2019-06-24 09:21:20 - [TEST_STEP][PASSED] - if (activitytype.equalsIgnoreCase("LINK")): null

2019-06-24 09:21:20 - [TEST_STEP][PASSED] - verifyElementPropertyValue(response, "[0].programName", P_Name): Verify element property value successfully

2019-06-24 09:21:20 - [MESSAGE][PASSED] - Verify element property value successfully

2019-06-24 09:21:20 - [TEST_STEP][PASSED] - println("programname is :- " + programname + "   Activity type is :- " + activitytype): null

2019-06-24 09:21:20 - [MESSAGE][PASSED] - Call Test Case 'Test Cases/Roc_DEP_Transaction_Program/Activity_Controller_Verify_Response' successfully

2019-06-24 09:21:20 - [TEST_STEP][PASSED] - str = function_application: null

2019-06-24 09:21:20 - [TEST_STEP][PASSED] - s = str.split(","): null

2019-06-24 09:21:20 - [TEST_STEP][PASSED] - application = s[0]: null

2019-06-24 09:21:20 - [TEST_STEP][PASSED] - function = s[1]: null

2019-06-24 09:21:20 - [TEST_STEP][PASSED] - transaction_controller_url = "http://localhost:9090/hogan-connector/transaction/" + function + "/" + application: null

2019-06-24 09:21:20 - [TEST_STEP][PASSED] - println("Activity Controller Url - " + i + ":-- " + activity_controller_url): null

2019-06-24 09:21:20 - [TEST_STEP][PASSED] - println("Transaction Controller Url - " + i + ":-- " + transaction_controller_url): null

2019-06-24 09:21:20 - [TEST_STEP][PASSED] - callTestCase(findTestCase("Roc_DEP_Transaction_Program/Transaction_Controller_Verify_Response"), ["transaction_url":transaction_controller_url, "Function":function, "Application":application], CONTINUE_ON_FAILURE): Call Test Case 'Test Cases/Roc_DEP_Transaction_Program/Transaction_Controller_Verify_Response' successfully

2019-06-24 09:21:20 - [TEST_CASE][PASSED] - Test Cases/Roc_DEP_Transaction_Program/Transaction_Controller_Verify_Response: Test Cases/Roc_DEP_Transaction_Program/Transaction_Controller_Verify_Response

2019-06-24 09:21:20 - [TEST_STEP][PASSED] - response = sendRequest(findTestObject("Roc_DEP_Transaction_Program/Transaction_Controller_Verify_Response", ["URL":transaction_url])): Send request successfully

2019-06-24 09:21:24 - [MESSAGE][INFO] - HAR: C:\Users\khaja.h\Katalon Studio\ADDI_Connect\Reports\Roc_DEP_Transaction_Program\20190624_091900\requests\main\2.har

2019-06-24 09:21:24 - [MESSAGE][PASSED] - Send request successfully

2019-06-24 09:21:24 - [TEST_STEP][PASSED] - verifyResponseStatusCode(response, 200): Verify response status code successfully

2019-06-24 09:21:24 - [MESSAGE][PASSED] - Verify response status code successfully

2019-06-24 09:21:24 - [TEST_STEP][PASSED] - application = Application: null

2019-06-24 09:21:24 - [TEST_STEP][PASSED] - function = Function: null

2019-06-24 09:21:24 - [TEST_STEP][PASSED] - println("application:- " + application): null

2019-06-24 09:21:24 - [TEST_STEP][PASSED] - println("function:- " + function): null

2019-06-24 09:21:24 - [TEST_STEP][PASSED] - verifyElementPropertyValue(response, "[0].application", application): Verify element property value successfully

2019-06-24 09:21:24 - [MESSAGE][PASSED] - Verify element property value successfully

2019-06-24 09:21:24 - [TEST_STEP][PASSED] - verifyElementPropertyValue(response, "[0].function", function): Verify element property value successfully

2019-06-24 09:21:24 - [MESSAGE][PASSED] - Verify element property value successfully

2019-06-24 09:21:24 - [MESSAGE][PASSED] - Call Test Case 'Test Cases/Roc_DEP_Transaction_Program/Transaction_Controller_Verify_Response' successfully

2019-06-24 09:21:24 - [TEST_STEP][PASSED] - function_application = value: null

2019-06-24 09:21:24 - [TEST_STEP][PASSED] - activityId = annText: null

2019-06-24 09:21:24 - [TEST_STEP][PASSED] - st = activityId.split(" "): null

2019-06-24 09:21:24 - [TEST_STEP][PASSED] - activity_id = st[0]: null

2019-06-24 09:21:24 - [TEST_STEP][PASSED] - program_Name = value: null

2019-06-24 09:21:24 - [TEST_STEP][PASSED] - activity_controller_url = "http://localhost:9090/hogan-connector/activity/" + activity_id: null

2019-06-24 09:21:24 - [TEST_STEP][PASSED] - callTestCase(findTestCase("Roc_DEP_Transaction_Program/Activity_Controller_Verify_Response"), ["activityid_url":activity_controller_url, "pro_name":program_Name], CONTINUE_ON_FAILURE): Call Test Case 'Test Cases/Roc_DEP_Transaction_Program/Activity_Controller_Verify_Response' successfully

2019-06-24 09:21:24 - [TEST_CASE][PASSED] - Test Cases/Roc_DEP_Transaction_Program/Activity_Controller_Verify_Response: Test Cases/Roc_DEP_Transaction_Program/Activity_Controller_Verify_Response

2019-06-24 09:21:24 - [TEST_STEP][PASSED] - response = sendRequest(findTestObject("Roc_DEP_Transaction_Program/Activity_Controller_Verify_Response", ["URLS":activityid_url])): Send request successfully

2019-06-24 09:21:24 - [MESSAGE][INFO] - HAR: C:\Users\khaja.h\Katalon Studio\ADDI_Connect\Reports\Roc_DEP_Transaction_Program\20190624_091900\requests\main\3.har

2019-06-24 09:21:24 - [MESSAGE][PASSED] - Send request successfully

2019-06-24 09:21:24 - [TEST_STEP][PASSED] - verifyResponseStatusCode(response, 200): Verify response status code successfully

2019-06-24 09:21:24 - [MESSAGE][PASSED] - Verify response status code successfully

2019-06-24 09:21:24 - [TEST_STEP][PASSED] - P_Name = pro_name: null

2019-06-24 09:21:24 - [TEST_STEP][PASSED] - println("public variable _program_Name:- " + P_Name): null

2019-06-24 09:21:24 - [TEST_STEP][PASSED] - verifyElementPropertyValue(response, "[0].programName", P_Name): Verify element property value successfully

2019-06-24 09:21:24 - [MESSAGE][PASSED] - Verify element property value successfully

2019-06-24 09:21:24 - [TEST_STEP][PASSED] - slurper = new groovy.json.JsonSlurper(): null

2019-06-24 09:21:24 - [TEST_STEP][PASSED] - result = slurper.parseText(response.getResponseBodyContent()): null

2019-06-24 09:21:24 - [TEST_STEP][PASSED] - programname = programName: null

2019-06-24 09:21:24 - [TEST_STEP][PASSED] - activitytype = activityType: null

2019-06-24 09:21:24 - [TEST_STEP][PASSED] - if (activitytype.equalsIgnoreCase("LINK")): null

2019-06-24 09:21:24 - [TEST_STEP][PASSED] - verifyElementPropertyValue(response, "[0].programName", P_Name): Verify element property value successfully

2019-06-24 09:21:24 - [MESSAGE][PASSED] - Verify element property value successfully

2019-06-24 09:21:24 - [TEST_STEP][PASSED] - println("programname is :- " + programname + "   Activity type is :- " + activitytype): null

2019-06-24 09:21:24 - [MESSAGE][PASSED] - Call Test Case 'Test Cases/Roc_DEP_Transaction_Program/Activity_Controller_Verify_Response' successfully

2019-06-24 09:21:24 - [TEST_STEP][PASSED] - str = function_application: null

2019-06-24 09:21:24 - [TEST_STEP][PASSED] - s = str.split(","): null

2019-06-24 09:21:24 - [TEST_STEP][PASSED] - application = s[0]: null

2019-06-24 09:21:24 - [TEST_STEP][PASSED] - function = s[1]: null

2019-06-24 09:21:24 - [TEST_STEP][PASSED] - transaction_controller_url = "http://localhost:9090/hogan-connector/transaction/" + function + "/" + application: null

2019-06-24 09:21:24 - [TEST_STEP][PASSED] - println("Activity Controller Url - " + i + ":-- " + activity_controller_url): null

2019-06-24 09:21:24 - [TEST_STEP][PASSED] - println("Transaction Controller Url - " + i + ":-- " + transaction_controller_url): null

2019-06-24 09:21:24 - [TEST_STEP][PASSED] - callTestCase(findTestCase("Roc_DEP_Transaction_Program/Transaction_Controller_Verify_Response"), ["transaction_url":transaction_controller_url, "Function":function, "Application":application], CONTINUE_ON_FAILURE): Call Test Case 'Test Cases/Roc_DEP_Transaction_Program/Transaction_Controller_Verify_Response' successfully

2019-06-24 09:21:24 - [TEST_CASE][PASSED] - Test Cases/Roc_DEP_Transaction_Program/Transaction_Controller_Verify_Response: Test Cases/Roc_DEP_Transaction_Program/Transaction_Controller_Verify_Response

2019-06-24 09:21:24 - [TEST_STEP][PASSED] - response = sendRequest(findTestObject("Roc_DEP_Transaction_Program/Transaction_Controller_Verify_Response", ["URL":transaction_url])): Send request successfully

2019-06-24 09:21:27 - [MESSAGE][INFO] - HAR: C:\Users\khaja.h\Katalon Studio\ADDI_Connect\Reports\Roc_DEP_Transaction_Program\20190624_091900\requests\main\4.har

2019-06-24 09:21:27 - [MESSAGE][PASSED] - Send request successfully

2019-06-24 09:21:27 - [TEST_STEP][PASSED] - verifyResponseStatusCode(response, 200): Verify response status code successfully

2019-06-24 09:21:27 - [MESSAGE][PASSED] - Verify response status code successfully

2019-06-24 09:21:27 - [TEST_STEP][PASSED] - application = Application: null

2019-06-24 09:21:27 - [TEST_STEP][PASSED] - function = Function: null

2019-06-24 09:21:27 - [TEST_STEP][PASSED] - println("application:- " + application): null

2019-06-24 09:21:27 - [TEST_STEP][PASSED] - println("function:- " + function): null

2019-06-24 09:21:27 - [TEST_STEP][PASSED] - verifyElementPropertyValue(response, "[0].application", application): Verify element property value successfully

2019-06-24 09:21:27 - [MESSAGE][PASSED] - Verify element property value successfully

2019-06-24 09:21:27 - [TEST_STEP][PASSED] - verifyElementPropertyValue(response, "[0].function", function): Verify element property value successfully

2019-06-24 09:21:27 - [MESSAGE][PASSED] - Verify element property value successfully

2019-06-24 09:21:27 - [MESSAGE][PASSED] - Call Test Case 'Test Cases/Roc_DEP_Transaction_Program/Transaction_Controller_Verify_Response' successfully

2019-06-24 09:21:27 - [TEST_STEP][PASSED] - function_application = value: null

2019-06-24 09:21:27 - [TEST_STEP][PASSED] - activityId = annText: null

2019-06-24 09:21:27 - [TEST_STEP][PASSED] - st = activityId.split(" "): null

2019-06-24 09:21:27 - [TEST_STEP][PASSED] - activity_id = st[0]: null

2019-06-24 09:21:27 - [TEST_STEP][PASSED] - program_Name = value: null

2019-06-24 09:21:27 - [TEST_STEP][PASSED] - activity_controller_url = "http://localhost:9090/hogan-connector/activity/" + activity_id: null

2019-06-24 09:21:27 - [TEST_STEP][PASSED] - callTestCase(findTestCase("Roc_DEP_Transaction_Program/Activity_Controller_Verify_Response"), ["activityid_url":activity_controller_url, "pro_name":program_Name], CONTINUE_ON_FAILURE): Call Test Case 'Test Cases/Roc_DEP_Transaction_Program/Activity_Controller_Verify_Response' successfully

2019-06-24 09:21:27 - [TEST_CASE][PASSED] - Test Cases/Roc_DEP_Transaction_Program/Activity_Controller_Verify_Response: Test Cases/Roc_DEP_Transaction_Program/Activity_Controller_Verify_Response

2019-06-24 09:21:27 - [TEST_STEP][PASSED] - response = sendRequest(findTestObject("Roc_DEP_Transaction_Program/Activity_Controller_Verify_Response", ["URLS":activityid_url])): Send request successfully

2019-06-24 09:21:27 - [MESSAGE][INFO] - HAR: C:\Users\khaja.h\Katalon Studio\ADDI_Connect\Reports\Roc_DEP_Transaction_Program\20190624_091900\requests\main\5.har

2019-06-24 09:21:27 - [MESSAGE][PASSED] - Send request successfully

2019-06-24 09:21:27 - [TEST_STEP][PASSED] - verifyResponseStatusCode(response, 200): Verify response status code successfully

2019-06-24 09:21:27 - [MESSAGE][PASSED] - Verify response status code successfully

2019-06-24 09:21:27 - [TEST_STEP][PASSED] - P_Name = pro_name: null

2019-06-24 09:21:27 - [TEST_STEP][PASSED] - println("public variable _program_Name:- " + P_Name): null

2019-06-24 09:21:27 - [TEST_STEP][PASSED] - verifyElementPropertyValue(response, "[0].programName", P_Name): Verify element property value successfully

2019-06-24 09:21:27 - [MESSAGE][PASSED] - Verify element property value successfully

2019-06-24 09:21:27 - [TEST_STEP][PASSED] - slurper = new groovy.json.JsonSlurper(): null

2019-06-24 09:21:27 - [TEST_STEP][PASSED] - result = slurper.parseText(response.getResponseBodyContent()): null

2019-06-24 09:21:27 - [TEST_STEP][PASSED] - programname = programName: null

2019-06-24 09:21:27 - [TEST_STEP][PASSED] - activitytype = activityType: null

2019-06-24 09:21:27 - [TEST_STEP][PASSED] - if (activitytype.equalsIgnoreCase("LINK")): null

2019-06-24 09:21:27 - [TEST_STEP][PASSED] - verifyElementPropertyValue(response, "[0].programName", P_Name): Verify element property value successfully

2019-06-24 09:21:27 - [MESSAGE][PASSED] - Verify element property value successfully

2019-06-24 09:21:27 - [TEST_STEP][PASSED] - println("programname is :- " + programname + "   Activity type is :- " + activitytype): null

2019-06-24 09:21:27 - [MESSAGE][PASSED] - Call Test Case 'Test Cases/Roc_DEP_Transaction_Program/Activity_Controller_Verify_Response' successfully

2019-06-24 09:21:27 - [TEST_STEP][PASSED] - str = function_application: null

2019-06-24 09:21:27 - [TEST_STEP][PASSED] - s = str.split(","): null

2019-06-24 09:21:27 - [TEST_STEP][PASSED] - application = s[0]: null

2019-06-24 09:21:27 - [TEST_STEP][PASSED] - function = s[1]: null

2019-06-24 09:21:27 - [TEST_STEP][PASSED] - transaction_controller_url = "http://localhost:9090/hogan-connector/transaction/" + function + "/" + application: null

2019-06-24 09:21:27 - [TEST_STEP][PASSED] - println("Activity Controller Url - " + i + ":-- " + activity_controller_url): null

2019-06-24 09:21:27 - [TEST_STEP][PASSED] - println("Transaction Controller Url - " + i + ":-- " + transaction_controller_url): null

2019-06-24 09:21:27 - [TEST_STEP][PASSED] - callTestCase(findTestCase("Roc_DEP_Transaction_Program/Transaction_Controller_Verify_Response"), ["transaction_url":transaction_controller_url, "Function":function, "Application":application], CONTINUE_ON_FAILURE): Call Test Case 'Test Cases/Roc_DEP_Transaction_Program/Transaction_Controller_Verify_Response' successfully

2019-06-24 09:21:27 - [TEST_CASE][PASSED] - Test Cases/Roc_DEP_Transaction_Program/Transaction_Controller_Verify_Response: Test Cases/Roc_DEP_Transaction_Program/Transaction_Controller_Verify_Response

2019-06-24 09:21:27 - [TEST_STEP][PASSED] - response = sendRequest(findTestObject("Roc_DEP_Transaction_Program/Transaction_Controller_Verify_Response", ["URL":transaction_url])): Send request successfully

2019-06-24 09:21:30 - [MESSAGE][INFO] - HAR: C:\Users\khaja.h\Katalon Studio\ADDI_Connect\Reports\Roc_DEP_Transaction_Program\20190624_091900\requests\main\6.har

2019-06-24 09:21:30 - [MESSAGE][PASSED] - Send request successfully

2019-06-24 09:21:30 - [TEST_STEP][PASSED] - verifyResponseStatusCode(response, 200): Verify response status code successfully

2019-06-24 09:21:30 - [MESSAGE][PASSED] - Verify response status code successfully

2019-06-24 09:21:30 - [TEST_STEP][PASSED] - application = Application: null

2019-06-24 09:21:30 - [TEST_STEP][PASSED] - function = Function: null

2019-06-24 09:21:30 - [TEST_STEP][PASSED] - println("application:- " + application): null

2019-06-24 09:21:30 - [TEST_STEP][PASSED] - println("function:- " + function): null

2019-06-24 09:21:30 - [TEST_STEP][PASSED] - verifyElementPropertyValue(response, "[0].application", application): Verify element property value successfully

2019-06-24 09:21:30 - [MESSAGE][PASSED] - Verify element property value successfully

2019-06-24 09:21:30 - [TEST_STEP][PASSED] - verifyElementPropertyValue(response, "[0].function", function): Verify element property value successfully

2019-06-24 09:21:30 - [MESSAGE][PASSED] - Verify element property value successfully

2019-06-24 09:21:30 - [MESSAGE][PASSED] - Call Test Case 'Test Cases/Roc_DEP_Transaction_Program/Transaction_Controller_Verify_Response' successfully

2019-06-24 09:21:30 - [TEST_STEP][PASSED] - function_application = value: null

2019-06-24 09:21:30 - [TEST_STEP][PASSED] - activityId = annText: null

2019-06-24 09:21:30 - [TEST_STEP][PASSED] - st = activityId.split(" "): null

2019-06-24 09:21:30 - [TEST_STEP][PASSED] - activity_id = st[0]: null

2019-06-24 09:21:30 - [TEST_STEP][PASSED] - program_Name = value: null

2019-06-24 09:21:30 - [TEST_STEP][PASSED] - activity_controller_url = "http://localhost:9090/hogan-connector/activity/" + activity_id: null

2019-06-24 09:21:30 - [TEST_STEP][PASSED] - callTestCase(findTestCase("Roc_DEP_Transaction_Program/Activity_Controller_Verify_Response"), ["activityid_url":activity_controller_url, "pro_name":program_Name], CONTINUE_ON_FAILURE): Call Test Case 'Test Cases/Roc_DEP_Transaction_Program/Activity_Controller_Verify_Response' successfully

2019-06-24 09:21:30 - [TEST_CASE][PASSED] - Test Cases/Roc_DEP_Transaction_Program/Activity_Controller_Verify_Response: Test Cases/Roc_DEP_Transaction_Program/Activity_Controller_Verify_Response

2019-06-24 09:21:30 - [TEST_STEP][PASSED] - response = sendRequest(findTestObject("Roc_DEP_Transaction_Program/Activity_Controller_Verify_Response", ["URLS":activityid_url])): Send request successfully

2019-06-24 09:21:31 - [MESSAGE][INFO] - HAR: C:\Users\khaja.h\Katalon Studio\ADDI_Connect\Reports\Roc_DEP_Transaction_Program\20190624_091900\requests\main\7.har

2019-06-24 09:21:31 - [MESSAGE][PASSED] - Send request successfully

2019-06-24 09:21:31 - [TEST_STEP][PASSED] - verifyResponseStatusCode(response, 200): Verify response status code successfully

2019-06-24 09:21:31 - [MESSAGE][PASSED] - Verify response status code successfully

2019-06-24 09:21:31 - [TEST_STEP][PASSED] - P_Name = pro_name: null

2019-06-24 09:21:31 - [TEST_STEP][PASSED] - println("public variable _program_Name:- " + P_Name): null

2019-06-24 09:21:31 - [TEST_STEP][PASSED] - verifyElementPropertyValue(response, "[0].programName", P_Name): Verify element property value successfully

2019-06-24 09:21:31 - [MESSAGE][PASSED] - Verify element property value successfully

2019-06-24 09:21:31 - [TEST_STEP][PASSED] - slurper = new groovy.json.JsonSlurper(): null

2019-06-24 09:21:31 - [TEST_STEP][PASSED] - result = slurper.parseText(response.getResponseBodyContent()): null

2019-06-24 09:21:31 - [TEST_STEP][PASSED] - programname = programName: null

2019-06-24 09:21:31 - [TEST_STEP][PASSED] - activitytype = activityType: null

2019-06-24 09:21:31 - [TEST_STEP][PASSED] - if (activitytype.equalsIgnoreCase("LINK")): null

2019-06-24 09:21:31 - [TEST_STEP][PASSED] - verifyElementPropertyValue(response, "[0].programName", P_Name): Verify element property value successfully

2019-06-24 09:21:31 - [MESSAGE][PASSED] - Verify element property value successfully

2019-06-24 09:21:31 - [TEST_STEP][PASSED] - println("programname is :- " + programname + "   Activity type is :- " + activitytype): null

2019-06-24 09:21:31 - [MESSAGE][PASSED] - Call Test Case 'Test Cases/Roc_DEP_Transaction_Program/Activity_Controller_Verify_Response' successfully

2019-06-24 09:21:31 - [TEST_STEP][PASSED] - str = function_application: null

2019-06-24 09:21:31 - [TEST_STEP][PASSED] - s = str.split(","): null

2019-06-24 09:21:31 - [TEST_STEP][PASSED] - application = s[0]: null

2019-06-24 09:21:31 - [TEST_STEP][PASSED] - function = s[1]: null

2019-06-24 09:21:31 - [TEST_STEP][PASSED] - transaction_controller_url = "http://localhost:9090/hogan-connector/transaction/" + function + "/" + application: null

2019-06-24 09:21:31 - [TEST_STEP][PASSED] - println("Activity Controller Url - " + i + ":-- " + activity_controller_url): null

2019-06-24 09:21:31 - [TEST_STEP][PASSED] - println("Transaction Controller Url - " + i + ":-- " + transaction_controller_url): null

2019-06-24 09:21:31 - [TEST_STEP][PASSED] - callTestCase(findTestCase("Roc_DEP_Transaction_Program/Transaction_Controller_Verify_Response"), ["transaction_url":transaction_controller_url, "Function":function, "Application":application], CONTINUE_ON_FAILURE): Call Test Case 'Test Cases/Roc_DEP_Transaction_Program/Transaction_Controller_Verify_Response' successfully

2019-06-24 09:21:31 - [TEST_CASE][PASSED] - Test Cases/Roc_DEP_Transaction_Program/Transaction_Controller_Verify_Response: Test Cases/Roc_DEP_Transaction_Program/Transaction_Controller_Verify_Response

2019-06-24 09:21:31 - [TEST_STEP][PASSED] - response = sendRequest(findTestObject("Roc_DEP_Transaction_Program/Transaction_Controller_Verify_Response", ["URL":transaction_url])): Send request successfully

2019-06-24 09:21:33 - [MESSAGE][INFO] - HAR: C:\Users\khaja.h\Katalon Studio\ADDI_Connect\Reports\Roc_DEP_Transaction_Program\20190624_091900\requests\main\8.har

2019-06-24 09:21:33 - [MESSAGE][PASSED] - Send request successfully

2019-06-24 09:21:33 - [TEST_STEP][PASSED] - verifyResponseStatusCode(response, 200): Verify response status code successfully

2019-06-24 09:21:33 - [MESSAGE][PASSED] - Verify response status code successfully

2019-06-24 09:21:33 - [TEST_STEP][PASSED] - application = Application: null

2019-06-24 09:21:33 - [TEST_STEP][PASSED] - function = Function: null

2019-06-24 09:21:33 - [TEST_STEP][PASSED] - println("application:- " + application): null

2019-06-24 09:21:33 - [TEST_STEP][PASSED] - println("function:- " + function): null

2019-06-24 09:21:33 - [TEST_STEP][PASSED] - verifyElementPropertyValue(response, "[0].application", application): Verify element property value successfully

2019-06-24 09:21:33 - [MESSAGE][PASSED] - Verify element property value successfully

2019-06-24 09:21:33 - [TEST_STEP][PASSED] - verifyElementPropertyValue(response, "[0].function", function): Verify element property value successfully

2019-06-24 09:21:34 - [MESSAGE][PASSED] - Verify element property value successfully

2019-06-24 09:21:34 - [MESSAGE][PASSED] - Call Test Case 'Test Cases/Roc_DEP_Transaction_Program/Transaction_Controller_Verify_Response' successfully

2019-06-24 09:21:34 - [TEST_STEP][PASSED] - function_application = value: null

2019-06-24 09:21:34 - [TEST_STEP][PASSED] - activityId = annText: null

2019-06-24 09:21:34 - [TEST_STEP][PASSED] - st = activityId.split(" "): null

2019-06-24 09:21:34 - [TEST_STEP][PASSED] - activity_id = st[0]: null

2019-06-24 09:21:34 - [TEST_STEP][PASSED] - program_Name = value: null

2019-06-24 09:21:34 - [TEST_STEP][PASSED] - activity_controller_url = "http://localhost:9090/hogan-connector/activity/" + activity_id: null

2019-06-24 09:21:34 - [TEST_STEP][PASSED] - callTestCase(findTestCase("Roc_DEP_Transaction_Program/Activity_Controller_Verify_Response"), ["activityid_url":activity_controller_url, "pro_name":program_Name], CONTINUE_ON_FAILURE): Call Test Case 'Test Cases/Roc_DEP_Transaction_Program/Activity_Controller_Verify_Response' successfully

2019-06-24 09:21:34 - [TEST_CASE][PASSED] - Test Cases/Roc_DEP_Transaction_Program/Activity_Controller_Verify_Response: Test Cases/Roc_DEP_Transaction_Program/Activity_Controller_Verify_Response

2019-06-24 09:21:34 - [TEST_STEP][PASSED] - response = sendRequest(findTestObject("Roc_DEP_Transaction_Program/Activity_Controller_Verify_Response", ["URLS":activityid_url])): Send request successfully

2019-06-24 09:21:34 - [MESSAGE][INFO] - HAR: C:\Users\khaja.h\Katalon Studio\ADDI_Connect\Reports\Roc_DEP_Transaction_Program\20190624_091900\requests\main\9.har

2019-06-24 09:21:34 - [MESSAGE][PASSED] - Send request successfully

2019-06-24 09:21:34 - [TEST_STEP][PASSED] - verifyResponseStatusCode(response, 200): Verify response status code successfully

2019-06-24 09:21:34 - [MESSAGE][PASSED] - Verify response status code successfully

2019-06-24 09:21:34 - [TEST_STEP][PASSED] - P_Name = pro_name: null

2019-06-24 09:21:34 - [TEST_STEP][PASSED] - println("public variable _program_Name:- " + P_Name): null

2019-06-24 09:21:34 - [TEST_STEP][PASSED] - verifyElementPropertyValue(response, "[0].programName", P_Name): Verify element property value successfully

2019-06-24 09:21:34 - [MESSAGE][PASSED] - Verify element property value successfully

2019-06-24 09:21:34 - [TEST_STEP][PASSED] - slurper = new groovy.json.JsonSlurper(): null

2019-06-24 09:21:34 - [TEST_STEP][PASSED] - result = slurper.parseText(response.getResponseBodyContent()): null

2019-06-24 09:21:34 - [TEST_STEP][PASSED] - programname = programName: null

2019-06-24 09:21:34 - [TEST_STEP][PASSED] - activitytype = activityType: null

2019-06-24 09:21:34 - [TEST_STEP][PASSED] - if (activitytype.equalsIgnoreCase("LINK")): null

2019-06-24 09:21:34 - [TEST_STEP][PASSED] - verifyElementPropertyValue(response, "[0].programName", P_Name): Verify element property value successfully

2019-06-24 09:21:34 - [MESSAGE][PASSED] - Verify element property value successfully

2019-06-24 09:21:34 - [TEST_STEP][PASSED] - println("programname is :- " + programname + "   Activity type is :- " + activitytype): null

2019-06-24 09:21:34 - [MESSAGE][PASSED] - Call Test Case 'Test Cases/Roc_DEP_Transaction_Program/Activity_Controller_Verify_Response' successfully

2019-06-24 09:21:34 - [TEST_STEP][PASSED] - str = function_application: null

2019-06-24 09:21:34 - [TEST_STEP][PASSED] - s = str.split(","): null

2019-06-24 09:21:34 - [TEST_STEP][PASSED] - application = s[0]: null

2019-06-24 09:21:34 - [TEST_STEP][PASSED] - function = s[1]: null

2019-06-24 09:21:34 - [TEST_STEP][PASSED] - transaction_controller_url = "http://localhost:9090/hogan-connector/transaction/" + function + "/" + application: null

2019-06-24 09:21:34 - [TEST_STEP][PASSED] - println("Activity Controller Url - " + i + ":-- " + activity_controller_url): null

2019-06-24 09:21:34 - [TEST_STEP][PASSED] - println("Transaction Controller Url - " + i + ":-- " + transaction_controller_url): null

2019-06-24 09:21:34 - [TEST_STEP][PASSED] - callTestCase(findTestCase("Roc_DEP_Transaction_Program/Transaction_Controller_Verify_Response"), ["transaction_url":transaction_controller_url, "Function":function, "Application":application], CONTINUE_ON_FAILURE): Call Test Case 'Test Cases/Roc_DEP_Transaction_Program/Transaction_Controller_Verify_Response' successfully

2019-06-24 09:21:34 - [TEST_CASE][PASSED] - Test Cases/Roc_DEP_Transaction_Program/Transaction_Controller_Verify_Response: Test Cases/Roc_DEP_Transaction_Program/Transaction_Controller_Verify_Response

2019-06-24 09:21:34 - [TEST_STEP][PASSED] - response = sendRequest(findTestObject("Roc_DEP_Transaction_Program/Transaction_Controller_Verify_Response", ["URL":transaction_url])): Send request successfully

2019-06-24 09:21:37 - [MESSAGE][INFO] - HAR: C:\Users\khaja.h\Katalon Studio\ADDI_Connect\Reports\Roc_DEP_Transaction_Program\20190624_091900\requests\main\10.har

2019-06-24 09:21:37 - [MESSAGE][PASSED] - Send request successfully

2019-06-24 09:21:37 - [TEST_STEP][PASSED] - verifyResponseStatusCode(response, 200): Verify response status code successfully

2019-06-24 09:21:37 - [MESSAGE][PASSED] - Verify response status code successfully

2019-06-24 09:21:37 - [TEST_STEP][PASSED] - application = Application: null

2019-06-24 09:21:37 - [TEST_STEP][PASSED] - function = Function: null

2019-06-24 09:21:37 - [TEST_STEP][PASSED] - println("application:- " + application): null

2019-06-24 09:21:37 - [TEST_STEP][PASSED] - println("function:- " + function): null

2019-06-24 09:21:37 - [TEST_STEP][PASSED] - verifyElementPropertyValue(response, "[0].application", application): Verify element property value successfully

2019-06-24 09:21:37 - [MESSAGE][PASSED] - Verify element property value successfully

2019-06-24 09:21:37 - [TEST_STEP][PASSED] - verifyElementPropertyValue(response, "[0].function", function): Verify element property value successfully

2019-06-24 09:21:37 - [MESSAGE][PASSED] - Verify element property value successfully

2019-06-24 09:21:37 - [MESSAGE][PASSED] - Call Test Case 'Test Cases/Roc_DEP_Transaction_Program/Transaction_Controller_Verify_Response' successfully

2019-06-24 09:21:37 - [TEST_STEP][PASSED] - function_application = value: null

2019-06-24 09:21:37 - [TEST_STEP][PASSED] - activityId = annText: null

2019-06-24 09:21:37 - [TEST_STEP][PASSED] - st = activityId.split(" "): null

2019-06-24 09:21:37 - [TEST_STEP][PASSED] - activity_id = st[0]: null

2019-06-24 09:21:37 - [TEST_STEP][PASSED] - program_Name = value: null

2019-06-24 09:21:37 - [TEST_STEP][PASSED] - activity_controller_url = "http://localhost:9090/hogan-connector/activity/" + activity_id: null

2019-06-24 09:21:37 - [TEST_STEP][PASSED] - callTestCase(findTestCase("Roc_DEP_Transaction_Program/Activity_Controller_Verify_Response"), ["activityid_url":activity_controller_url, "pro_name":program_Name], CONTINUE_ON_FAILURE): Call Test Case 'Test Cases/Roc_DEP_Transaction_Program/Activity_Controller_Verify_Response' successfully

2019-06-24 09:21:37 - [TEST_CASE][PASSED] - Test Cases/Roc_DEP_Transaction_Program/Activity_Controller_Verify_Response: Test Cases/Roc_DEP_Transaction_Program/Activity_Controller_Verify_Response

2019-06-24 09:21:37 - [TEST_STEP][PASSED] - response = sendRequest(findTestObject("Roc_DEP_Transaction_Program/Activity_Controller_Verify_Response", ["URLS":activityid_url])): Send request successfully

2019-06-24 09:21:37 - [MESSAGE][INFO] - HAR: C:\Users\khaja.h\Katalon Studio\ADDI_Connect\Reports\Roc_DEP_Transaction_Program\20190624_091900\requests\main\11.har

2019-06-24 09:21:37 - [MESSAGE][PASSED] - Send request successfully

2019-06-24 09:21:37 - [TEST_STEP][PASSED] - verifyResponseStatusCode(response, 200): Verify response status code successfully

2019-06-24 09:21:37 - [MESSAGE][PASSED] - Verify response status code successfully

2019-06-24 09:21:37 - [TEST_STEP][PASSED] - P_Name = pro_name: null

2019-06-24 09:21:37 - [TEST_STEP][PASSED] - println("public variable _program_Name:- " + P_Name): null

2019-06-24 09:21:37 - [TEST_STEP][PASSED] - verifyElementPropertyValue(response, "[0].programName", P_Name): Verify element property value successfully

2019-06-24 09:21:37 - [MESSAGE][PASSED] - Verify element property value successfully

2019-06-24 09:21:37 - [TEST_STEP][PASSED] - slurper = new groovy.json.JsonSlurper(): null

2019-06-24 09:21:37 - [TEST_STEP][PASSED] - result = slurper.parseText(response.getResponseBodyContent()): null

2019-06-24 09:21:37 - [TEST_STEP][PASSED] - programname = programName: null

2019-06-24 09:21:37 - [TEST_STEP][PASSED] - activitytype = activityType: null

2019-06-24 09:21:37 - [TEST_STEP][PASSED] - if (activitytype.equalsIgnoreCase("LINK")): null

2019-06-24 09:21:37 - [TEST_STEP][PASSED] - verifyElementPropertyValue(response, "[0].programName", P_Name): Verify element property value successfully

2019-06-24 09:21:37 - [MESSAGE][PASSED] - Verify element property value successfully

2019-06-24 09:21:37 - [TEST_STEP][PASSED] - println("programname is :- " + programname + "   Activity type is :- " + activitytype): null

2019-06-24 09:21:37 - [MESSAGE][PASSED] - Call Test Case 'Test Cases/Roc_DEP_Transaction_Program/Activity_Controller_Verify_Response' successfully

2019-06-24 09:21:37 - [TEST_STEP][PASSED] - str = function_application: null

2019-06-24 09:21:37 - [TEST_STEP][PASSED] - s = str.split(","): null

2019-06-24 09:21:37 - [TEST_STEP][PASSED] - application = s[0]: null

2019-06-24 09:21:37 - [TEST_STEP][PASSED] - function = s[1]: null

2019-06-24 09:21:37 - [TEST_STEP][PASSED] - transaction_controller_url = "http://localhost:9090/hogan-connector/transaction/" + function + "/" + application: null

2019-06-24 09:21:37 - [TEST_STEP][PASSED] - println("Activity Controller Url - " + i + ":-- " + activity_controller_url): null

2019-06-24 09:21:37 - [TEST_STEP][PASSED] - println("Transaction Controller Url - " + i + ":-- " + transaction_controller_url): null

2019-06-24 09:21:37 - [TEST_STEP][PASSED] - callTestCase(findTestCase("Roc_DEP_Transaction_Program/Transaction_Controller_Verify_Response"), ["transaction_url":transaction_controller_url, "Function":function, "Application":application], CONTINUE_ON_FAILURE): Call Test Case 'Test Cases/Roc_DEP_Transaction_Program/Transaction_Controller_Verify_Response' successfully

2019-06-24 09:21:37 - [TEST_CASE][PASSED] - Test Cases/Roc_DEP_Transaction_Program/Transaction_Controller_Verify_Response: Test Cases/Roc_DEP_Transaction_Program/Transaction_Controller_Verify_Response

2019-06-24 09:21:37 - [TEST_STEP][PASSED] - response = sendRequest(findTestObject("Roc_DEP_Transaction_Program/Transaction_Controller_Verify_Response", ["URL":transaction_url])): Send request successfully

2019-06-24 09:21:40 - [MESSAGE][INFO] - HAR: C:\Users\khaja.h\Katalon Studio\ADDI_Connect\Reports\Roc_DEP_Transaction_Program\20190624_091900\requests\main\12.har

2019-06-24 09:21:40 - [MESSAGE][PASSED] - Send request successfully

2019-06-24 09:21:40 - [TEST_STEP][PASSED] - verifyResponseStatusCode(response, 200): Verify response status code successfully

2019-06-24 09:21:40 - [MESSAGE][PASSED] - Verify response status code successfully

2019-06-24 09:21:40 - [TEST_STEP][PASSED] - application = Application: null

2019-06-24 09:21:40 - [TEST_STEP][PASSED] - function = Function: null

2019-06-24 09:21:40 - [TEST_STEP][PASSED] - println("application:- " + application): null

2019-06-24 09:21:40 - [TEST_STEP][PASSED] - println("function:- " + function): null

2019-06-24 09:21:40 - [TEST_STEP][PASSED] - verifyElementPropertyValue(response, "[0].application", application): Verify element property value successfully

2019-06-24 09:21:40 - [MESSAGE][PASSED] - Verify element property value successfully

2019-06-24 09:21:40 - [TEST_STEP][PASSED] - verifyElementPropertyValue(response, "[0].function", function): Verify element property value successfully

2019-06-24 09:21:40 - [MESSAGE][PASSED] - Verify element property value successfully

2019-06-24 09:21:40 - [MESSAGE][PASSED] - Call Test Case 'Test Cases/Roc_DEP_Transaction_Program/Transaction_Controller_Verify_Response' successfully

2019-06-24 09:21:40 - [TEST_STEP][PASSED] - function_application = value: null

2019-06-24 09:21:40 - [TEST_STEP][PASSED] - activityId = annText: null

2019-06-24 09:21:40 - [TEST_STEP][PASSED] - st = activityId.split(" "): null

2019-06-24 09:21:40 - [TEST_STEP][PASSED] - activity_id = st[0]: null

2019-06-24 09:21:40 - [TEST_STEP][PASSED] - program_Name = value: null

2019-06-24 09:21:40 - [TEST_STEP][PASSED] - activity_controller_url = "http://localhost:9090/hogan-connector/activity/" + activity_id: null

2019-06-24 09:21:40 - [TEST_STEP][PASSED] - callTestCase(findTestCase("Roc_DEP_Transaction_Program/Activity_Controller_Verify_Response"), ["activityid_url":activity_controller_url, "pro_name":program_Name], CONTINUE_ON_FAILURE): Call Test Case 'Test Cases/Roc_DEP_Transaction_Program/Activity_Controller_Verify_Response' successfully

2019-06-24 09:21:40 - [TEST_CASE][PASSED] - Test Cases/Roc_DEP_Transaction_Program/Activity_Controller_Verify_Response: Test Cases/Roc_DEP_Transaction_Program/Activity_Controller_Verify_Response

2019-06-24 09:21:40 - [TEST_STEP][PASSED] - response = sendRequest(findTestObject("Roc_DEP_Transaction_Program/Activity_Controller_Verify_Response", ["URLS":activityid_url])): Send request successfully

2019-06-24 09:21:41 - [MESSAGE][INFO] - HAR: C:\Users\khaja.h\Katalon Studio\ADDI_Connect\Reports\Roc_DEP_Transaction_Program\20190624_091900\requests\main\13.har

2019-06-24 09:21:41 - [MESSAGE][PASSED] - Send request successfully

2019-06-24 09:21:41 - [TEST_STEP][PASSED] - verifyResponseStatusCode(response, 200): Verify response status code successfully

2019-06-24 09:21:41 - [MESSAGE][PASSED] - Verify response status code successfully

2019-06-24 09:21:41 - [TEST_STEP][PASSED] - P_Name = pro_name: null

2019-06-24 09:21:41 - [TEST_STEP][PASSED] - println("public variable _program_Name:- " + P_Name): null

2019-06-24 09:21:41 - [TEST_STEP][PASSED] - verifyElementPropertyValue(response, "[0].programName", P_Name): Verify element property value successfully

2019-06-24 09:21:41 - [MESSAGE][PASSED] - Verify element property value successfully

2019-06-24 09:21:41 - [TEST_STEP][PASSED] - slurper = new groovy.json.JsonSlurper(): null

2019-06-24 09:21:41 - [TEST_STEP][PASSED] - result = slurper.parseText(response.getResponseBodyContent()): null

2019-06-24 09:21:41 - [TEST_STEP][PASSED] - programname = programName: null

2019-06-24 09:21:41 - [TEST_STEP][PASSED] - activitytype = activityType: null

2019-06-24 09:21:41 - [TEST_STEP][PASSED] - if (activitytype.equalsIgnoreCase("LINK")): null

2019-06-24 09:21:41 - [TEST_STEP][PASSED] - verifyElementPropertyValue(response, "[0].programName", P_Name): Verify element property value successfully

2019-06-24 09:21:41 - [MESSAGE][PASSED] - Verify element property value successfully

2019-06-24 09:21:41 - [TEST_STEP][PASSED] - println("programname is :- " + programname + "   Activity type is :- " + activitytype): null

2019-06-24 09:21:41 - [MESSAGE][PASSED] - Call Test Case 'Test Cases/Roc_DEP_Transaction_Program/Activity_Controller_Verify_Response' successfully

2019-06-24 09:21:41 - [TEST_STEP][PASSED] - str = function_application: null

2019-06-24 09:21:41 - [TEST_STEP][PASSED] - s = str.split(","): null

2019-06-24 09:21:41 - [TEST_STEP][PASSED] - application = s[0]: null

2019-06-24 09:21:41 - [TEST_STEP][PASSED] - function = s[1]: null

2019-06-24 09:21:41 - [TEST_STEP][PASSED] - transaction_controller_url = "http://localhost:9090/hogan-connector/transaction/" + function + "/" + application: null

2019-06-24 09:21:41 - [TEST_STEP][PASSED] - println("Activity Controller Url - " + i + ":-- " + activity_controller_url): null

2019-06-24 09:21:41 - [TEST_STEP][PASSED] - println("Transaction Controller Url - " + i + ":-- " + transaction_controller_url): null

2019-06-24 09:21:41 - [TEST_STEP][PASSED] - callTestCase(findTestCase("Roc_DEP_Transaction_Program/Transaction_Controller_Verify_Response"), ["transaction_url":transaction_controller_url, "Function":function, "Application":application], CONTINUE_ON_FAILURE): Call Test Case 'Test Cases/Roc_DEP_Transaction_Program/Transaction_Controller_Verify_Response' successfully

2019-06-24 09:21:41 - [TEST_CASE][PASSED] - Test Cases/Roc_DEP_Transaction_Program/Transaction_Controller_Verify_Response: Test Cases/Roc_DEP_Transaction_Program/Transaction_Controller_Verify_Response

2019-06-24 09:21:41 - [TEST_STEP][PASSED] - response = sendRequest(findTestObject("Roc_DEP_Transaction_Program/Transaction_Controller_Verify_Response", ["URL":transaction_url])): Send request successfully

2019-06-24 09:21:43 - [MESSAGE][INFO] - HAR: C:\Users\khaja.h\Katalon Studio\ADDI_Connect\Reports\Roc_DEP_Transaction_Program\20190624_091900\requests\main\14.har

2019-06-24 09:21:43 - [MESSAGE][PASSED] - Send request successfully

2019-06-24 09:21:43 - [TEST_STEP][PASSED] - verifyResponseStatusCode(response, 200): Verify response status code successfully

2019-06-24 09:21:43 - [MESSAGE][PASSED] - Verify response status code successfully

2019-06-24 09:21:43 - [TEST_STEP][PASSED] - application = Application: null

2019-06-24 09:21:43 - [TEST_STEP][PASSED] - function = Function: null

2019-06-24 09:21:43 - [TEST_STEP][PASSED] - println("application:- " + application): null

2019-06-24 09:21:43 - [TEST_STEP][PASSED] - println("function:- " + function): null

2019-06-24 09:21:43 - [TEST_STEP][PASSED] - verifyElementPropertyValue(response, "[0].application", application): Verify element property value successfully

2019-06-24 09:21:43 - [MESSAGE][PASSED] - Verify element property value successfully

2019-06-24 09:21:43 - [TEST_STEP][PASSED] - verifyElementPropertyValue(response, "[0].function", function): Verify element property value successfully

2019-06-24 09:21:43 - [MESSAGE][PASSED] - Verify element property value successfully

2019-06-24 09:21:43 - [MESSAGE][PASSED] - Call Test Case 'Test Cases/Roc_DEP_Transaction_Program/Transaction_Controller_Verify_Response' successfully

2019-06-24 09:21:43 - [TEST_STEP][PASSED] - function_application = value: null

2019-06-24 09:21:43 - [TEST_STEP][PASSED] - activityId = annText: null

2019-06-24 09:21:43 - [TEST_STEP][PASSED] - st = activityId.split(" "): null

2019-06-24 09:21:43 - [TEST_STEP][PASSED] - activity_id = st[0]: null

2019-06-24 09:21:43 - [TEST_STEP][PASSED] - program_Name = value: null

2019-06-24 09:21:43 - [TEST_STEP][PASSED] - activity_controller_url = "http://localhost:9090/hogan-connector/activity/" + activity_id: null

2019-06-24 09:21:43 - [TEST_STEP][PASSED] - callTestCase(findTestCase("Roc_DEP_Transaction_Program/Activity_Controller_Verify_Response"), ["activityid_url":activity_controller_url, "pro_name":program_Name], CONTINUE_ON_FAILURE): Call Test Case 'Test Cases/Roc_DEP_Transaction_Program/Activity_Controller_Verify_Response' successfully

2019-06-24 09:21:44 - [TEST_CASE][PASSED] - Test Cases/Roc_DEP_Transaction_Program/Activity_Controller_Verify_Response: Test Cases/Roc_DEP_Transaction_Program/Activity_Controller_Verify_Response

2019-06-24 09:21:44 - [TEST_STEP][PASSED] - response = sendRequest(findTestObject("Roc_DEP_Transaction_Program/Activity_Controller_Verify_Response", ["URLS":activityid_url])): Send request successfully

2019-06-24 09:21:44 - [MESSAGE][INFO] - HAR: C:\Users\khaja.h\Katalon Studio\ADDI_Connect\Reports\Roc_DEP_Transaction_Program\20190624_091900\requests\main\15.har

2019-06-24 09:21:44 - [MESSAGE][PASSED] - Send request successfully

2019-06-24 09:21:44 - [TEST_STEP][PASSED] - verifyResponseStatusCode(response, 200): Verify response status code successfully

2019-06-24 09:21:44 - [MESSAGE][PASSED] - Verify response status code successfully

2019-06-24 09:21:44 - [TEST_STEP][PASSED] - P_Name = pro_name: null

2019-06-24 09:21:44 - [TEST_STEP][PASSED] - println("public variable _program_Name:- " + P_Name): null

2019-06-24 09:21:44 - [TEST_STEP][PASSED] - verifyElementPropertyValue(response, "[0].programName", P_Name): Verify element property value successfully

2019-06-24 09:21:44 - [MESSAGE][PASSED] - Verify element property value successfully

2019-06-24 09:21:44 - [TEST_STEP][PASSED] - slurper = new groovy.json.JsonSlurper(): null

2019-06-24 09:21:44 - [TEST_STEP][PASSED] - result = slurper.parseText(response.getResponseBodyContent()): null

2019-06-24 09:21:44 - [TEST_STEP][PASSED] - programname = programName: null

2019-06-24 09:21:44 - [TEST_STEP][PASSED] - activitytype = activityType: null

2019-06-24 09:21:44 - [TEST_STEP][PASSED] - if (activitytype.equalsIgnoreCase("LINK")): null

2019-06-24 09:21:44 - [TEST_STEP][PASSED] - verifyElementPropertyValue(response, "[0].programName", P_Name): Verify element property value successfully

2019-06-24 09:21:44 - [MESSAGE][PASSED] - Verify element property value successfully

2019-06-24 09:21:44 - [TEST_STEP][PASSED] - println("programname is :- " + programname + "   Activity type is :- " + activitytype): null

2019-06-24 09:21:44 - [MESSAGE][PASSED] - Call Test Case 'Test Cases/Roc_DEP_Transaction_Program/Activity_Controller_Verify_Response' successfully

2019-06-24 09:21:44 - [TEST_STEP][PASSED] - str = function_application: null

2019-06-24 09:21:44 - [TEST_STEP][PASSED] - s = str.split(","): null

2019-06-24 09:21:44 - [TEST_STEP][PASSED] - application = s[0]: null

2019-06-24 09:21:44 - [TEST_STEP][PASSED] - function = s[1]: null

2019-06-24 09:21:44 - [TEST_STEP][PASSED] - transaction_controller_url = "http://localhost:9090/hogan-connector/transaction/" + function + "/" + application: null

2019-06-24 09:21:44 - [TEST_STEP][PASSED] - println("Activity Controller Url - " + i + ":-- " + activity_controller_url): null

2019-06-24 09:21:44 - [TEST_STEP][PASSED] - println("Transaction Controller Url - " + i + ":-- " + transaction_controller_url): null

2019-06-24 09:21:44 - [TEST_STEP][PASSED] - callTestCase(findTestCase("Roc_DEP_Transaction_Program/Transaction_Controller_Verify_Response"), ["transaction_url":transaction_controller_url, "Function":function, "Application":application], CONTINUE_ON_FAILURE): Call Test Case 'Test Cases/Roc_DEP_Transaction_Program/Transaction_Controller_Verify_Response' successfully

2019-06-24 09:21:44 - [TEST_CASE][PASSED] - Test Cases/Roc_DEP_Transaction_Program/Transaction_Controller_Verify_Response: Test Cases/Roc_DEP_Transaction_Program/Transaction_Controller_Verify_Response

2019-06-24 09:21:44 - [TEST_STEP][PASSED] - response = sendRequest(findTestObject("Roc_DEP_Transaction_Program/Transaction_Controller_Verify_Response", ["URL":transaction_url])): Send request successfully

2019-06-24 09:21:47 - [MESSAGE][INFO] - HAR: C:\Users\khaja.h\Katalon Studio\ADDI_Connect\Reports\Roc_DEP_Transaction_Program\20190624_091900\requests\main\16.har

2019-06-24 09:21:47 - [MESSAGE][PASSED] - Send request successfully

2019-06-24 09:21:47 - [TEST_STEP][PASSED] - verifyResponseStatusCode(response, 200): Verify response status code successfully

2019-06-24 09:21:47 - [MESSAGE][PASSED] - Verify response status code successfully

2019-06-24 09:21:47 - [TEST_STEP][PASSED] - application = Application: null

2019-06-24 09:21:47 - [TEST_STEP][PASSED] - function = Function: null

2019-06-24 09:21:47 - [TEST_STEP][PASSED] - println("application:- " + application): null

2019-06-24 09:21:47 - [TEST_STEP][PASSED] - println("function:- " + function): null

2019-06-24 09:21:47 - [TEST_STEP][PASSED] - verifyElementPropertyValue(response, "[0].application", application): Verify element property value successfully

2019-06-24 09:21:47 - [MESSAGE][PASSED] - Verify element property value successfully

2019-06-24 09:21:47 - [TEST_STEP][PASSED] - verifyElementPropertyValue(response, "[0].function", function): Verify element property value successfully

2019-06-24 09:21:47 - [MESSAGE][PASSED] - Verify element property value successfully

2019-06-24 09:21:47 - [MESSAGE][PASSED] - Call Test Case 'Test Cases/Roc_DEP_Transaction_Program/Transaction_Controller_Verify_Response' successfully

2019-06-24 09:21:47 - [TEST_STEP][PASSED] - function_application = value: null

2019-06-24 09:21:47 - [TEST_STEP][PASSED] - activityId = annText: null

2019-06-24 09:21:47 - [TEST_STEP][PASSED] - st = activityId.split(" "): null

2019-06-24 09:21:47 - [TEST_STEP][PASSED] - activity_id = st[0]: null

2019-06-24 09:21:47 - [TEST_STEP][PASSED] - program_Name = value: null

2019-06-24 09:21:47 - [TEST_STEP][PASSED] - activity_controller_url = "http://localhost:9090/hogan-connector/activity/" + activity_id: null

2019-06-24 09:21:47 - [TEST_STEP][PASSED] - callTestCase(findTestCase("Roc_DEP_Transaction_Program/Activity_Controller_Verify_Response"), ["activityid_url":activity_controller_url, "pro_name":program_Name], CONTINUE_ON_FAILURE): Call Test Case 'Test Cases/Roc_DEP_Transaction_Program/Activity_Controller_Verify_Response' successfully

2019-06-24 09:21:47 - [TEST_CASE][PASSED] - Test Cases/Roc_DEP_Transaction_Program/Activity_Controller_Verify_Response: Test Cases/Roc_DEP_Transaction_Program/Activity_Controller_Verify_Response

2019-06-24 09:21:47 - [TEST_STEP][PASSED] - response = sendRequest(findTestObject("Roc_DEP_Transaction_Program/Activity_Controller_Verify_Response", ["URLS":activityid_url])): Send request successfully

2019-06-24 09:21:47 - [MESSAGE][INFO] - HAR: C:\Users\khaja.h\Katalon Studio\ADDI_Connect\Reports\Roc_DEP_Transaction_Program\20190624_091900\requests\main\17.har

2019-06-24 09:21:47 - [MESSAGE][PASSED] - Send request successfully

2019-06-24 09:21:47 - [TEST_STEP][PASSED] - verifyResponseStatusCode(response, 200): Verify response status code successfully

2019-06-24 09:21:47 - [MESSAGE][PASSED] - Verify response status code successfully

2019-06-24 09:21:47 - [TEST_STEP][PASSED] - P_Name = pro_name: null

2019-06-24 09:21:47 - [TEST_STEP][PASSED] - println("public variable _program_Name:- " + P_Name): null

2019-06-24 09:21:47 - [TEST_STEP][PASSED] - verifyElementPropertyValue(response, "[0].programName", P_Name): Verify element property value successfully

2019-06-24 09:21:47 - [MESSAGE][PASSED] - Verify element property value successfully

2019-06-24 09:21:47 - [TEST_STEP][PASSED] - slurper = new groovy.json.JsonSlurper(): null

2019-06-24 09:21:47 - [TEST_STEP][PASSED] - result = slurper.parseText(response.getResponseBodyContent()): null

2019-06-24 09:21:47 - [TEST_STEP][PASSED] - programname = programName: null

2019-06-24 09:21:47 - [TEST_STEP][PASSED] - activitytype = activityType: null

2019-06-24 09:21:47 - [TEST_STEP][PASSED] - if (activitytype.equalsIgnoreCase("LINK")): null

2019-06-24 09:21:47 - [TEST_STEP][PASSED] - verifyElementPropertyValue(response, "[0].programName", P_Name): Verify element property value successfully

2019-06-24 09:21:47 - [MESSAGE][PASSED] - Verify element property value successfully

2019-06-24 09:21:47 - [TEST_STEP][PASSED] - println("programname is :- " + programname + "   Activity type is :- " + activitytype): null

2019-06-24 09:21:47 - [MESSAGE][PASSED] - Call Test Case 'Test Cases/Roc_DEP_Transaction_Program/Activity_Controller_Verify_Response' successfully

2019-06-24 09:21:47 - [TEST_STEP][PASSED] - str = function_application: null

2019-06-24 09:21:47 - [TEST_STEP][PASSED] - s = str.split(","): null

2019-06-24 09:21:47 - [TEST_STEP][PASSED] - application = s[0]: null

2019-06-24 09:21:47 - [TEST_STEP][PASSED] - function = s[1]: null

2019-06-24 09:21:47 - [TEST_STEP][PASSED] - transaction_controller_url = "http://localhost:9090/hogan-connector/transaction/" + function + "/" + application: null

2019-06-24 09:21:47 - [TEST_STEP][PASSED] - println("Activity Controller Url - " + i + ":-- " + activity_controller_url): null

2019-06-24 09:21:47 - [TEST_STEP][PASSED] - println("Transaction Controller Url - " + i + ":-- " + transaction_controller_url): null

2019-06-24 09:21:47 - [TEST_STEP][PASSED] - callTestCase(findTestCase("Roc_DEP_Transaction_Program/Transaction_Controller_Verify_Response"), ["transaction_url":transaction_controller_url, "Function":function, "Application":application], CONTINUE_ON_FAILURE): Call Test Case 'Test Cases/Roc_DEP_Transaction_Program/Transaction_Controller_Verify_Response' successfully

2019-06-24 09:21:47 - [TEST_CASE][PASSED] - Test Cases/Roc_DEP_Transaction_Program/Transaction_Controller_Verify_Response: Test Cases/Roc_DEP_Transaction_Program/Transaction_Controller_Verify_Response

2019-06-24 09:21:47 - [TEST_STEP][PASSED] - response = sendRequest(findTestObject("Roc_DEP_Transaction_Program/Transaction_Controller_Verify_Response", ["URL":transaction_url])): Send request successfully

2019-06-24 09:21:50 - [MESSAGE][INFO] - HAR: C:\Users\khaja.h\Katalon Studio\ADDI_Connect\Reports\Roc_DEP_Transaction_Program\20190624_091900\requests\main\18.har

2019-06-24 09:21:50 - [MESSAGE][PASSED] - Send request successfully

2019-06-24 09:21:50 - [TEST_STEP][PASSED] - verifyResponseStatusCode(response, 200): Verify response status code successfully

2019-06-24 09:21:50 - [MESSAGE][PASSED] - Verify response status code successfully

2019-06-24 09:21:50 - [TEST_STEP][PASSED] - application = Application: null

2019-06-24 09:21:50 - [TEST_STEP][PASSED] - function = Function: null

2019-06-24 09:21:50 - [TEST_STEP][PASSED] - println("application:- " + application): null

2019-06-24 09:21:50 - [TEST_STEP][PASSED] - println("function:- " + function): null

2019-06-24 09:21:50 - [TEST_STEP][PASSED] - verifyElementPropertyValue(response, "[0].application", application): Verify element property value successfully

2019-06-24 09:21:50 - [MESSAGE][PASSED] - Verify element property value successfully

2019-06-24 09:21:50 - [TEST_STEP][PASSED] - verifyElementPropertyValue(response, "[0].function", function): Verify element property value successfully

2019-06-24 09:21:50 - [MESSAGE][PASSED] - Verify element property value successfully

2019-06-24 09:21:50 - [MESSAGE][PASSED] - Call Test Case 'Test Cases/Roc_DEP_Transaction_Program/Transaction_Controller_Verify_Response' successfully

2019-06-24 09:21:50 - [TEST_STEP][PASSED] - function_application = value: null

2019-06-24 09:21:50 - [TEST_STEP][PASSED] - activityId = annText: null

2019-06-24 09:21:50 - [TEST_STEP][PASSED] - st = activityId.split(" "): null

2019-06-24 09:21:50 - [TEST_STEP][PASSED] - activity_id = st[0]: null

2019-06-24 09:21:50 - [TEST_STEP][PASSED] - program_Name = value: null

2019-06-24 09:21:50 - [TEST_STEP][PASSED] - activity_controller_url = "http://localhost:9090/hogan-connector/activity/" + activity_id: null

2019-06-24 09:21:50 - [TEST_STEP][PASSED] - callTestCase(findTestCase("Roc_DEP_Transaction_Program/Activity_Controller_Verify_Response"), ["activityid_url":activity_controller_url, "pro_name":program_Name], CONTINUE_ON_FAILURE): Call Test Case 'Test Cases/Roc_DEP_Transaction_Program/Activity_Controller_Verify_Response' successfully

2019-06-24 09:21:50 - [TEST_CASE][PASSED] - Test Cases/Roc_DEP_Transaction_Program/Activity_Controller_Verify_Response: Test Cases/Roc_DEP_Transaction_Program/Activity_Controller_Verify_Response

2019-06-24 09:21:50 - [TEST_STEP][PASSED] - response = sendRequest(findTestObject("Roc_DEP_Transaction_Program/Activity_Controller_Verify_Response", ["URLS":activityid_url])): Send request successfully

2019-06-24 09:21:50 - [MESSAGE][INFO] - HAR: C:\Users\khaja.h\Katalon Studio\ADDI_Connect\Reports\Roc_DEP_Transaction_Program\20190624_091900\requests\main\19.har

2019-06-24 09:21:50 - [MESSAGE][PASSED] - Send request successfully

2019-06-24 09:21:50 - [TEST_STEP][PASSED] - verifyResponseStatusCode(response, 200): Verify response status code successfully

2019-06-24 09:21:50 - [MESSAGE][PASSED] - Verify response status code successfully

2019-06-24 09:21:50 - [TEST_STEP][PASSED] - P_Name = pro_name: null

2019-06-24 09:21:50 - [TEST_STEP][PASSED] - println("public variable _program_Name:- " + P_Name): null

2019-06-24 09:21:50 - [TEST_STEP][PASSED] - verifyElementPropertyValue(response, "[0].programName", P_Name): Verify element property value successfully

2019-06-24 09:21:50 - [MESSAGE][PASSED] - Verify element property value successfully

2019-06-24 09:21:50 - [TEST_STEP][PASSED] - slurper = new groovy.json.JsonSlurper(): null

2019-06-24 09:21:50 - [TEST_STEP][PASSED] - result = slurper.parseText(response.getResponseBodyContent()): null

2019-06-24 09:21:50 - [TEST_STEP][PASSED] - programname = programName: null

2019-06-24 09:21:50 - [TEST_STEP][PASSED] - activitytype = activityType: null

2019-06-24 09:21:50 - [TEST_STEP][PASSED] - if (activitytype.equalsIgnoreCase("LINK")): null

2019-06-24 09:21:50 - [TEST_STEP][PASSED] - verifyElementPropertyValue(response, "[0].programName", P_Name): Verify element property value successfully

2019-06-24 09:21:50 - [MESSAGE][PASSED] - Verify element property value successfully

2019-06-24 09:21:50 - [TEST_STEP][PASSED] - println("programname is :- " + programname + "   Activity type is :- " + activitytype): null

2019-06-24 09:21:50 - [MESSAGE][PASSED] - Call Test Case 'Test Cases/Roc_DEP_Transaction_Program/Activity_Controller_Verify_Response' successfully

2019-06-24 09:21:50 - [TEST_STEP][PASSED] - str = function_application: null

2019-06-24 09:21:50 - [TEST_STEP][PASSED] - s = str.split(","): null

2019-06-24 09:21:50 - [TEST_STEP][PASSED] - application = s[0]: null

2019-06-24 09:21:50 - [TEST_STEP][PASSED] - function = s[1]: null

2019-06-24 09:21:50 - [TEST_STEP][PASSED] - transaction_controller_url = "http://localhost:9090/hogan-connector/transaction/" + function + "/" + application: null

2019-06-24 09:21:50 - [TEST_STEP][PASSED] - println("Activity Controller Url - " + i + ":-- " + activity_controller_url): null

2019-06-24 09:21:50 - [TEST_STEP][PASSED] - println("Transaction Controller Url - " + i + ":-- " + transaction_controller_url): null

2019-06-24 09:21:50 - [TEST_STEP][PASSED] - callTestCase(findTestCase("Roc_DEP_Transaction_Program/Transaction_Controller_Verify_Response"), ["transaction_url":transaction_controller_url, "Function":function, "Application":application], CONTINUE_ON_FAILURE): Call Test Case 'Test Cases/Roc_DEP_Transaction_Program/Transaction_Controller_Verify_Response' successfully

2019-06-24 09:21:51 - [TEST_CASE][PASSED] - Test Cases/Roc_DEP_Transaction_Program/Transaction_Controller_Verify_Response: Test Cases/Roc_DEP_Transaction_Program/Transaction_Controller_Verify_Response

2019-06-24 09:21:51 - [TEST_STEP][PASSED] - response = sendRequest(findTestObject("Roc_DEP_Transaction_Program/Transaction_Controller_Verify_Response", ["URL":transaction_url])): Send request successfully

2019-06-24 09:21:53 - [MESSAGE][INFO] - HAR: C:\Users\khaja.h\Katalon Studio\ADDI_Connect\Reports\Roc_DEP_Transaction_Program\20190624_091900\requests\main\20.har

2019-06-24 09:21:53 - [MESSAGE][PASSED] - Send request successfully

2019-06-24 09:21:53 - [TEST_STEP][PASSED] - verifyResponseStatusCode(response, 200): Verify response status code successfully

2019-06-24 09:21:53 - [MESSAGE][PASSED] - Verify response status code successfully

2019-06-24 09:21:53 - [TEST_STEP][PASSED] - application = Application: null

2019-06-24 09:21:53 - [TEST_STEP][PASSED] - function = Function: null

2019-06-24 09:21:53 - [TEST_STEP][PASSED] - println("application:- " + application): null

2019-06-24 09:21:53 - [TEST_STEP][PASSED] - println("function:- " + function): null

2019-06-24 09:21:53 - [TEST_STEP][PASSED] - verifyElementPropertyValue(response, "[0].application", application): Verify element property value successfully

2019-06-24 09:21:53 - [MESSAGE][PASSED] - Verify element property value successfully

2019-06-24 09:21:53 - [TEST_STEP][PASSED] - verifyElementPropertyValue(response, "[0].function", function): Verify element property value successfully

2019-06-24 09:21:53 - [MESSAGE][PASSED] - Verify element property value successfully

2019-06-24 09:21:53 - [MESSAGE][PASSED] - Call Test Case 'Test Cases/Roc_DEP_Transaction_Program/Transaction_Controller_Verify_Response' successfully

2019-06-24 09:21:53 - [TEST_STEP][PASSED] - function_application = value: null

2019-06-24 09:21:53 - [TEST_STEP][PASSED] - activityId = annText: null

2019-06-24 09:21:53 - [TEST_STEP][PASSED] - st = activityId.split(" "): null

2019-06-24 09:21:53 - [TEST_STEP][PASSED] - activity_id = st[0]: null

2019-06-24 09:21:53 - [TEST_STEP][PASSED] - program_Name = value: null

2019-06-24 09:21:53 - [TEST_STEP][PASSED] - activity_controller_url = "http://localhost:9090/hogan-connector/activity/" + activity_id: null

2019-06-24 09:21:53 - [TEST_STEP][PASSED] - callTestCase(findTestCase("Roc_DEP_Transaction_Program/Activity_Controller_Verify_Response"), ["activityid_url":activity_controller_url, "pro_name":program_Name], CONTINUE_ON_FAILURE): Call Test Case 'Test Cases/Roc_DEP_Transaction_Program/Activity_Controller_Verify_Response' successfully

2019-06-24 09:21:54 - [TEST_CASE][PASSED] - Test Cases/Roc_DEP_Transaction_Program/Activity_Controller_Verify_Response: Test Cases/Roc_DEP_Transaction_Program/Activity_Controller_Verify_Response

2019-06-24 09:21:54 - [TEST_STEP][PASSED] - response = sendRequest(findTestObject("Roc_DEP_Transaction_Program/Activity_Controller_Verify_Response", ["URLS":activityid_url])): Send request successfully

2019-06-24 09:21:54 - [MESSAGE][INFO] - HAR: C:\Users\khaja.h\Katalon Studio\ADDI_Connect\Reports\Roc_DEP_Transaction_Program\20190624_091900\requests\main\21.har

2019-06-24 09:21:54 - [MESSAGE][PASSED] - Send request successfully

2019-06-24 09:21:54 - [TEST_STEP][PASSED] - verifyResponseStatusCode(response, 200): Verify response status code successfully

2019-06-24 09:21:54 - [MESSAGE][PASSED] - Verify response status code successfully

2019-06-24 09:21:54 - [TEST_STEP][PASSED] - P_Name = pro_name: null

2019-06-24 09:21:54 - [TEST_STEP][PASSED] - println("public variable _program_Name:- " + P_Name): null

2019-06-24 09:21:54 - [TEST_STEP][PASSED] - verifyElementPropertyValue(response, "[0].programName", P_Name): Verify element property value successfully

2019-06-24 09:21:54 - [MESSAGE][PASSED] - Verify element property value successfully

2019-06-24 09:21:54 - [TEST_STEP][PASSED] - slurper = new groovy.json.JsonSlurper(): null

2019-06-24 09:21:54 - [TEST_STEP][PASSED] - result = slurper.parseText(response.getResponseBodyContent()): null

2019-06-24 09:21:54 - [TEST_STEP][PASSED] - programname = programName: null

2019-06-24 09:21:54 - [TEST_STEP][PASSED] - activitytype = activityType: null

2019-06-24 09:21:54 - [TEST_STEP][PASSED] - if (activitytype.equalsIgnoreCase("LINK")): null

2019-06-24 09:21:54 - [TEST_STEP][PASSED] - verifyElementPropertyValue(response, "[0].programName", P_Name): Verify element property value successfully

2019-06-24 09:21:54 - [MESSAGE][PASSED] - Verify element property value successfully

2019-06-24 09:21:54 - [TEST_STEP][PASSED] - println("programname is :- " + programname + "   Activity type is :- " + activitytype): null

2019-06-24 09:21:54 - [MESSAGE][PASSED] - Call Test Case 'Test Cases/Roc_DEP_Transaction_Program/Activity_Controller_Verify_Response' successfully

2019-06-24 09:21:54 - [TEST_STEP][PASSED] - str = function_application: null

2019-06-24 09:21:54 - [TEST_STEP][PASSED] - s = str.split(","): null

2019-06-24 09:21:54 - [TEST_STEP][PASSED] - application = s[0]: null

2019-06-24 09:21:54 - [TEST_STEP][PASSED] - function = s[1]: null

2019-06-24 09:21:54 - [TEST_STEP][PASSED] - transaction_controller_url = "http://localhost:9090/hogan-connector/transaction/" + function + "/" + application: null

2019-06-24 09:21:54 - [TEST_STEP][PASSED] - println("Activity Controller Url - " + i + ":-- " + activity_controller_url): null

2019-06-24 09:21:54 - [TEST_STEP][PASSED] - println("Transaction Controller Url - " + i + ":-- " + transaction_controller_url): null

2019-06-24 09:21:54 - [TEST_STEP][PASSED] - callTestCase(findTestCase("Roc_DEP_Transaction_Program/Transaction_Controller_Verify_Response"), ["transaction_url":transaction_controller_url, "Function":function, "Application":application], CONTINUE_ON_FAILURE): Call Test Case 'Test Cases/Roc_DEP_Transaction_Program/Transaction_Controller_Verify_Response' successfully

2019-06-24 09:21:54 - [TEST_CASE][PASSED] - Test Cases/Roc_DEP_Transaction_Program/Transaction_Controller_Verify_Response: Test Cases/Roc_DEP_Transaction_Program/Transaction_Controller_Verify_Response

2019-06-24 09:21:54 - [TEST_STEP][PASSED] - response = sendRequest(findTestObject("Roc_DEP_Transaction_Program/Transaction_Controller_Verify_Response", ["URL":transaction_url])): Send request successfully

2019-06-24 09:21:57 - [MESSAGE][INFO] - HAR: C:\Users\khaja.h\Katalon Studio\ADDI_Connect\Reports\Roc_DEP_Transaction_Program\20190624_091900\requests\main\22.har

2019-06-24 09:21:57 - [MESSAGE][PASSED] - Send request successfully

2019-06-24 09:21:57 - [TEST_STEP][PASSED] - verifyResponseStatusCode(response, 200): Verify response status code successfully

2019-06-24 09:21:57 - [MESSAGE][PASSED] - Verify response status code successfully

2019-06-24 09:21:57 - [TEST_STEP][PASSED] - application = Application: null

2019-06-24 09:21:57 - [TEST_STEP][PASSED] - function = Function: null

2019-06-24 09:21:57 - [TEST_STEP][PASSED] - println("application:- " + application): null

2019-06-24 09:21:57 - [TEST_STEP][PASSED] - println("function:- " + function): null

2019-06-24 09:21:57 - [TEST_STEP][PASSED] - verifyElementPropertyValue(response, "[0].application", application): Verify element property value successfully

2019-06-24 09:21:57 - [MESSAGE][PASSED] - Verify element property value successfully

2019-06-24 09:21:57 - [TEST_STEP][PASSED] - verifyElementPropertyValue(response, "[0].function", function): Verify element property value successfully

2019-06-24 09:21:57 - [MESSAGE][PASSED] - Verify element property value successfully

2019-06-24 09:21:57 - [MESSAGE][PASSED] - Call Test Case 'Test Cases/Roc_DEP_Transaction_Program/Transaction_Controller_Verify_Response' successfully

2019-06-24 09:21:57 - [TEST_STEP][PASSED] - function_application = value: null

2019-06-24 09:21:57 - [TEST_STEP][PASSED] - activityId = annText: null

2019-06-24 09:21:57 - [TEST_STEP][PASSED] - st = activityId.split(" "): null

2019-06-24 09:21:57 - [TEST_STEP][PASSED] - activity_id = st[0]: null

2019-06-24 09:21:57 - [TEST_STEP][PASSED] - program_Name = value: null

2019-06-24 09:21:57 - [TEST_STEP][PASSED] - activity_controller_url = "http://localhost:9090/hogan-connector/activity/" + activity_id: null

2019-06-24 09:21:57 - [TEST_STEP][PASSED] - callTestCase(findTestCase("Roc_DEP_Transaction_Program/Activity_Controller_Verify_Response"), ["activityid_url":activity_controller_url, "pro_name":program_Name], CONTINUE_ON_FAILURE): Call Test Case 'Test Cases/Roc_DEP_Transaction_Program/Activity_Controller_Verify_Response' successfully

2019-06-24 09:21:57 - [TEST_CASE][PASSED] - Test Cases/Roc_DEP_Transaction_Program/Activity_Controller_Verify_Response: Test Cases/Roc_DEP_Transaction_Program/Activity_Controller_Verify_Response

2019-06-24 09:21:57 - [TEST_STEP][PASSED] - response = sendRequest(findTestObject("Roc_DEP_Transaction_Program/Activity_Controller_Verify_Response", ["URLS":activityid_url])): Send request successfully

2019-06-24 09:21:57 - [MESSAGE][INFO] - HAR: C:\Users\khaja.h\Katalon Studio\ADDI_Connect\Reports\Roc_DEP_Transaction_Program\20190624_091900\requests\main\23.har

2019-06-24 09:21:57 - [MESSAGE][PASSED] - Send request successfully

2019-06-24 09:21:57 - [TEST_STEP][PASSED] - verifyResponseStatusCode(response, 200): Verify response status code successfully

2019-06-24 09:21:57 - [MESSAGE][PASSED] - Verify response status code successfully

2019-06-24 09:21:57 - [TEST_STEP][PASSED] - P_Name = pro_name: null

2019-06-24 09:21:57 - [TEST_STEP][PASSED] - println("public variable _program_Name:- " + P_Name): null

2019-06-24 09:21:57 - [TEST_STEP][PASSED] - verifyElementPropertyValue(response, "[0].programName", P_Name): Verify element property value successfully

2019-06-24 09:21:57 - [MESSAGE][PASSED] - Verify element property value successfully

2019-06-24 09:21:57 - [TEST_STEP][PASSED] - slurper = new groovy.json.JsonSlurper(): null

2019-06-24 09:21:57 - [TEST_STEP][PASSED] - result = slurper.parseText(response.getResponseBodyContent()): null

2019-06-24 09:21:57 - [TEST_STEP][PASSED] - programname = programName: null

2019-06-24 09:21:57 - [TEST_STEP][PASSED] - activitytype = activityType: null

2019-06-24 09:21:57 - [TEST_STEP][PASSED] - if (activitytype.equalsIgnoreCase("LINK")): null

2019-06-24 09:21:57 - [TEST_STEP][PASSED] - verifyElementPropertyValue(response, "[0].programName", P_Name): Verify element property value successfully

2019-06-24 09:21:57 - [MESSAGE][PASSED] - Verify element property value successfully

2019-06-24 09:21:57 - [TEST_STEP][PASSED] - println("programname is :- " + programname + "   Activity type is :- " + activitytype): null

2019-06-24 09:21:57 - [MESSAGE][PASSED] - Call Test Case 'Test Cases/Roc_DEP_Transaction_Program/Activity_Controller_Verify_Response' successfully

2019-06-24 09:21:57 - [TEST_STEP][PASSED] - str = function_application: null

2019-06-24 09:21:57 - [TEST_STEP][PASSED] - s = str.split(","): null

2019-06-24 09:21:57 - [TEST_STEP][PASSED] - application = s[0]: null

2019-06-24 09:21:57 - [TEST_STEP][PASSED] - function = s[1]: null

2019-06-24 09:21:57 - [TEST_STEP][PASSED] - transaction_controller_url = "http://localhost:9090/hogan-connector/transaction/" + function + "/" + application: null

2019-06-24 09:21:57 - [TEST_STEP][PASSED] - println("Activity Controller Url - " + i + ":-- " + activity_controller_url): null

2019-06-24 09:21:57 - [TEST_STEP][PASSED] - println("Transaction Controller Url - " + i + ":-- " + transaction_controller_url): null

2019-06-24 09:21:57 - [TEST_STEP][PASSED] - callTestCase(findTestCase("Roc_DEP_Transaction_Program/Transaction_Controller_Verify_Response"), ["transaction_url":transaction_controller_url, "Function":function, "Application":application], CONTINUE_ON_FAILURE): Call Test Case 'Test Cases/Roc_DEP_Transaction_Program/Transaction_Controller_Verify_Response' successfully

2019-06-24 09:21:57 - [TEST_CASE][PASSED] - Test Cases/Roc_DEP_Transaction_Program/Transaction_Controller_Verify_Response: Test Cases/Roc_DEP_Transaction_Program/Transaction_Controller_Verify_Response

2019-06-24 09:21:57 - [TEST_STEP][PASSED] - response = sendRequest(findTestObject("Roc_DEP_Transaction_Program/Transaction_Controller_Verify_Response", ["URL":transaction_url])): Send request successfully

2019-06-24 09:22:01 - [MESSAGE][INFO] - HAR: C:\Users\khaja.h\Katalon Studio\ADDI_Connect\Reports\Roc_DEP_Transaction_Program\20190624_091900\requests\main\24.har

2019-06-24 09:22:01 - [MESSAGE][PASSED] - Send request successfully

2019-06-24 09:22:01 - [TEST_STEP][PASSED] - verifyResponseStatusCode(response, 200): Verify response status code successfully

2019-06-24 09:22:01 - [MESSAGE][PASSED] - Verify response status code successfully

2019-06-24 09:22:01 - [TEST_STEP][PASSED] - application = Application: null

2019-06-24 09:22:01 - [TEST_STEP][PASSED] - function = Function: null

2019-06-24 09:22:01 - [TEST_STEP][PASSED] - println("application:- " + application): null

2019-06-24 09:22:01 - [TEST_STEP][PASSED] - println("function:- " + function): null

2019-06-24 09:22:01 - [TEST_STEP][PASSED] - verifyElementPropertyValue(response, "[0].application", application): Verify element property value successfully

2019-06-24 09:22:01 - [MESSAGE][PASSED] - Verify element property value successfully

2019-06-24 09:22:01 - [TEST_STEP][PASSED] - verifyElementPropertyValue(response, "[0].function", function): Verify element property value successfully

2019-06-24 09:22:01 - [MESSAGE][PASSED] - Verify element property value successfully

2019-06-24 09:22:01 - [MESSAGE][PASSED] - Call Test Case 'Test Cases/Roc_DEP_Transaction_Program/Transaction_Controller_Verify_Response' successfully

2019-06-24 09:22:01 - [TEST_STEP][PASSED] - function_application = value: null

2019-06-24 09:22:01 - [TEST_STEP][PASSED] - activityId = annText: null

2019-06-24 09:22:01 - [TEST_STEP][PASSED] - st = activityId.split(" "): null

2019-06-24 09:22:01 - [TEST_STEP][PASSED] - activity_id = st[0]: null

2019-06-24 09:22:01 - [TEST_STEP][PASSED] - program_Name = value: null

2019-06-24 09:22:01 - [TEST_STEP][PASSED] - activity_controller_url = "http://localhost:9090/hogan-connector/activity/" + activity_id: null

2019-06-24 09:22:01 - [TEST_STEP][PASSED] - callTestCase(findTestCase("Roc_DEP_Transaction_Program/Activity_Controller_Verify_Response"), ["activityid_url":activity_controller_url, "pro_name":program_Name], CONTINUE_ON_FAILURE): Call Test Case 'Test Cases/Roc_DEP_Transaction_Program/Activity_Controller_Verify_Response' successfully

2019-06-24 09:22:01 - [TEST_CASE][PASSED] - Test Cases/Roc_DEP_Transaction_Program/Activity_Controller_Verify_Response: Test Cases/Roc_DEP_Transaction_Program/Activity_Controller_Verify_Response

2019-06-24 09:22:01 - [TEST_STEP][PASSED] - response = sendRequest(findTestObject("Roc_DEP_Transaction_Program/Activity_Controller_Verify_Response", ["URLS":activityid_url])): Send request successfully

2019-06-24 09:22:01 - [MESSAGE][INFO] - HAR: C:\Users\khaja.h\Katalon Studio\ADDI_Connect\Reports\Roc_DEP_Transaction_Program\20190624_091900\requests\main\25.har

2019-06-24 09:22:01 - [MESSAGE][PASSED] - Send request successfully

2019-06-24 09:22:01 - [TEST_STEP][PASSED] - verifyResponseStatusCode(response, 200): Verify response status code successfully

2019-06-24 09:22:01 - [MESSAGE][PASSED] - Verify response status code successfully

2019-06-24 09:22:01 - [TEST_STEP][PASSED] - P_Name = pro_name: null

2019-06-24 09:22:01 - [TEST_STEP][PASSED] - println("public variable _program_Name:- " + P_Name): null

2019-06-24 09:22:01 - [TEST_STEP][PASSED] - verifyElementPropertyValue(response, "[0].programName", P_Name): Verify element property value successfully

2019-06-24 09:22:01 - [MESSAGE][PASSED] - Verify element property value successfully

2019-06-24 09:22:01 - [TEST_STEP][PASSED] - slurper = new groovy.json.JsonSlurper(): null

2019-06-24 09:22:01 - [TEST_STEP][PASSED] - result = slurper.parseText(response.getResponseBodyContent()): null

2019-06-24 09:22:01 - [TEST_STEP][PASSED] - programname = programName: null

2019-06-24 09:22:01 - [TEST_STEP][PASSED] - activitytype = activityType: null

2019-06-24 09:22:01 - [TEST_STEP][PASSED] - if (activitytype.equalsIgnoreCase("LINK")): null

2019-06-24 09:22:01 - [TEST_STEP][PASSED] - verifyElementPropertyValue(response, "[0].programName", P_Name): Verify element property value successfully

2019-06-24 09:22:01 - [MESSAGE][PASSED] - Verify element property value successfully

2019-06-24 09:22:01 - [TEST_STEP][PASSED] - println("programname is :- " + programname + "   Activity type is :- " + activitytype): null

2019-06-24 09:22:01 - [MESSAGE][PASSED] - Call Test Case 'Test Cases/Roc_DEP_Transaction_Program/Activity_Controller_Verify_Response' successfully

2019-06-24 09:22:01 - [TEST_STEP][PASSED] - str = function_application: null

2019-06-24 09:22:01 - [TEST_STEP][PASSED] - s = str.split(","): null

2019-06-24 09:22:01 - [TEST_STEP][PASSED] - application = s[0]: null

2019-06-24 09:22:01 - [TEST_STEP][PASSED] - function = s[1]: null

2019-06-24 09:22:01 - [TEST_STEP][PASSED] - transaction_controller_url = "http://localhost:9090/hogan-connector/transaction/" + function + "/" + application: null

2019-06-24 09:22:01 - [TEST_STEP][PASSED] - println("Activity Controller Url - " + i + ":-- " + activity_controller_url): null

2019-06-24 09:22:01 - [TEST_STEP][PASSED] - println("Transaction Controller Url - " + i + ":-- " + transaction_controller_url): null

2019-06-24 09:22:01 - [TEST_STEP][PASSED] - callTestCase(findTestCase("Roc_DEP_Transaction_Program/Transaction_Controller_Verify_Response"), ["transaction_url":transaction_controller_url, "Function":function, "Application":application], CONTINUE_ON_FAILURE): Call Test Case 'Test Cases/Roc_DEP_Transaction_Program/Transaction_Controller_Verify_Response' successfully

2019-06-24 09:22:01 - [TEST_CASE][PASSED] - Test Cases/Roc_DEP_Transaction_Program/Transaction_Controller_Verify_Response: Test Cases/Roc_DEP_Transaction_Program/Transaction_Controller_Verify_Response

2019-06-24 09:22:01 - [TEST_STEP][PASSED] - response = sendRequest(findTestObject("Roc_DEP_Transaction_Program/Transaction_Controller_Verify_Response", ["URL":transaction_url])): Send request successfully

2019-06-24 09:22:04 - [MESSAGE][INFO] - HAR: C:\Users\khaja.h\Katalon Studio\ADDI_Connect\Reports\Roc_DEP_Transaction_Program\20190624_091900\requests\main\26.har

2019-06-24 09:22:04 - [MESSAGE][PASSED] - Send request successfully

2019-06-24 09:22:04 - [TEST_STEP][PASSED] - verifyResponseStatusCode(response, 200): Verify response status code successfully

2019-06-24 09:22:04 - [MESSAGE][PASSED] - Verify response status code successfully

2019-06-24 09:22:04 - [TEST_STEP][PASSED] - application = Application: null

2019-06-24 09:22:04 - [TEST_STEP][PASSED] - function = Function: null

2019-06-24 09:22:04 - [TEST_STEP][PASSED] - println("application:- " + application): null

2019-06-24 09:22:04 - [TEST_STEP][PASSED] - println("function:- " + function): null

2019-06-24 09:22:04 - [TEST_STEP][PASSED] - verifyElementPropertyValue(response, "[0].application", application): Verify element property value successfully

2019-06-24 09:22:04 - [MESSAGE][PASSED] - Verify element property value successfully

2019-06-24 09:22:04 - [TEST_STEP][PASSED] - verifyElementPropertyValue(response, "[0].function", function): Verify element property value successfully

2019-06-24 09:22:04 - [MESSAGE][PASSED] - Verify element property value successfully

2019-06-24 09:22:04 - [MESSAGE][PASSED] - Call Test Case 'Test Cases/Roc_DEP_Transaction_Program/Transaction_Controller_Verify_Response' successfully

2019-06-24 09:22:04 - [TEST_STEP][PASSED] - function_application = value: null

2019-06-24 09:22:04 - [TEST_STEP][PASSED] - activityId = annText: null

2019-06-24 09:22:04 - [TEST_STEP][PASSED] - st = activityId.split(" "): null

2019-06-24 09:22:04 - [TEST_STEP][PASSED] - activity_id = st[0]: null

2019-06-24 09:22:04 - [TEST_STEP][PASSED] - program_Name = value: null

2019-06-24 09:22:04 - [TEST_STEP][PASSED] - activity_controller_url = "http://localhost:9090/hogan-connector/activity/" + activity_id: null

2019-06-24 09:22:04 - [TEST_STEP][PASSED] - callTestCase(findTestCase("Roc_DEP_Transaction_Program/Activity_Controller_Verify_Response"), ["activityid_url":activity_controller_url, "pro_name":program_Name], CONTINUE_ON_FAILURE): Call Test Case 'Test Cases/Roc_DEP_Transaction_Program/Activity_Controller_Verify_Response' successfully

2019-06-24 09:22:04 - [TEST_CASE][PASSED] - Test Cases/Roc_DEP_Transaction_Program/Activity_Controller_Verify_Response: Test Cases/Roc_DEP_Transaction_Program/Activity_Controller_Verify_Response

2019-06-24 09:22:04 - [TEST_STEP][PASSED] - response = sendRequest(findTestObject("Roc_DEP_Transaction_Program/Activity_Controller_Verify_Response", ["URLS":activityid_url])): Send request successfully

2019-06-24 09:22:04 - [MESSAGE][INFO] - HAR: C:\Users\khaja.h\Katalon Studio\ADDI_Connect\Reports\Roc_DEP_Transaction_Program\20190624_091900\requests\main\27.har

2019-06-24 09:22:04 - [MESSAGE][PASSED] - Send request successfully

2019-06-24 09:22:04 - [TEST_STEP][PASSED] - verifyResponseStatusCode(response, 200): Verify response status code successfully

2019-06-24 09:22:04 - [MESSAGE][PASSED] - Verify response status code successfully

2019-06-24 09:22:04 - [TEST_STEP][PASSED] - P_Name = pro_name: null

2019-06-24 09:22:05 - [TEST_STEP][PASSED] - println("public variable _program_Name:- " + P_Name): null

2019-06-24 09:22:05 - [TEST_STEP][PASSED] - verifyElementPropertyValue(response, "[0].programName", P_Name): Verify element property value successfully

2019-06-24 09:22:05 - [MESSAGE][PASSED] - Verify element property value successfully

2019-06-24 09:22:05 - [TEST_STEP][PASSED] - slurper = new groovy.json.JsonSlurper(): null

2019-06-24 09:22:05 - [TEST_STEP][PASSED] - result = slurper.parseText(response.getResponseBodyContent()): null

2019-06-24 09:22:05 - [TEST_STEP][PASSED] - programname = programName: null

2019-06-24 09:22:05 - [TEST_STEP][PASSED] - activitytype = activityType: null

2019-06-24 09:22:05 - [TEST_STEP][PASSED] - if (activitytype.equalsIgnoreCase("LINK")): null

2019-06-24 09:22:05 - [TEST_STEP][PASSED] - verifyElementPropertyValue(response, "[0].programName", P_Name): Verify element property value successfully

2019-06-24 09:22:05 - [MESSAGE][PASSED] - Verify element property value successfully

2019-06-24 09:22:05 - [TEST_STEP][PASSED] - println("programname is :- " + programname + "   Activity type is :- " + activitytype): null

2019-06-24 09:22:05 - [MESSAGE][PASSED] - Call Test Case 'Test Cases/Roc_DEP_Transaction_Program/Activity_Controller_Verify_Response' successfully

2019-06-24 09:22:05 - [TEST_STEP][PASSED] - str = function_application: null

2019-06-24 09:22:05 - [TEST_STEP][PASSED] - s = str.split(","): null

2019-06-24 09:22:05 - [TEST_STEP][PASSED] - application = s[0]: null

2019-06-24 09:22:05 - [TEST_STEP][PASSED] - function = s[1]: null

2019-06-24 09:22:05 - [TEST_STEP][PASSED] - transaction_controller_url = "http://localhost:9090/hogan-connector/transaction/" + function + "/" + application: null

2019-06-24 09:22:05 - [TEST_STEP][PASSED] - println("Activity Controller Url - " + i + ":-- " + activity_controller_url): null

2019-06-24 09:22:05 - [TEST_STEP][PASSED] - println("Transaction Controller Url - " + i + ":-- " + transaction_controller_url): null

2019-06-24 09:22:05 - [TEST_STEP][PASSED] - callTestCase(findTestCase("Roc_DEP_Transaction_Program/Transaction_Controller_Verify_Response"), ["transaction_url":transaction_controller_url, "Function":function, "Application":application], CONTINUE_ON_FAILURE): Call Test Case 'Test Cases/Roc_DEP_Transaction_Program/Transaction_Controller_Verify_Response' successfully

2019-06-24 09:22:05 - [TEST_CASE][PASSED] - Test Cases/Roc_DEP_Transaction_Program/Transaction_Controller_Verify_Response: Test Cases/Roc_DEP_Transaction_Program/Transaction_Controller_Verify_Response

2019-06-24 09:22:05 - [TEST_STEP][PASSED] - response = sendRequest(findTestObject("Roc_DEP_Transaction_Program/Transaction_Controller_Verify_Response", ["URL":transaction_url])): Send request successfully

2019-06-24 09:22:07 - [MESSAGE][INFO] - HAR: C:\Users\khaja.h\Katalon Studio\ADDI_Connect\Reports\Roc_DEP_Transaction_Program\20190624_091900\requests\main\28.har

2019-06-24 09:22:07 - [MESSAGE][PASSED] - Send request successfully

2019-06-24 09:22:07 - [TEST_STEP][PASSED] - verifyResponseStatusCode(response, 200): Verify response status code successfully

2019-06-24 09:22:07 - [MESSAGE][PASSED] - Verify response status code successfully

2019-06-24 09:22:07 - [TEST_STEP][PASSED] - application = Application: null

2019-06-24 09:22:07 - [TEST_STEP][PASSED] - function = Function: null

2019-06-24 09:22:07 - [TEST_STEP][PASSED] - println("application:- " + application): null

2019-06-24 09:22:07 - [TEST_STEP][PASSED] - println("function:- " + function): null

2019-06-24 09:22:08 - [TEST_STEP][PASSED] - verifyElementPropertyValue(response, "[0].application", application): Verify element property value successfully

2019-06-24 09:22:08 - [MESSAGE][PASSED] - Verify element property value successfully

2019-06-24 09:22:08 - [TEST_STEP][PASSED] - verifyElementPropertyValue(response, "[0].function", function): Verify element property value successfully

2019-06-24 09:22:08 - [MESSAGE][PASSED] - Verify element property value successfully

2019-06-24 09:22:08 - [MESSAGE][PASSED] - Call Test Case 'Test Cases/Roc_DEP_Transaction_Program/Transaction_Controller_Verify_Response' successfully

2019-06-24 09:22:08 - [TEST_STEP][PASSED] - function_application = value: null

2019-06-24 09:22:08 - [TEST_STEP][PASSED] - activityId = annText: null

2019-06-24 09:22:08 - [TEST_STEP][PASSED] - st = activityId.split(" "): null

2019-06-24 09:22:08 - [TEST_STEP][PASSED] - activity_id = st[0]: null

2019-06-24 09:22:08 - [TEST_STEP][PASSED] - program_Name = value: null

2019-06-24 09:22:08 - [TEST_STEP][PASSED] - activity_controller_url = "http://localhost:9090/hogan-connector/activity/" + activity_id: null

2019-06-24 09:22:08 - [TEST_STEP][PASSED] - callTestCase(findTestCase("Roc_DEP_Transaction_Program/Activity_Controller_Verify_Response"), ["activityid_url":activity_controller_url, "pro_name":program_Name], CONTINUE_ON_FAILURE): Call Test Case 'Test Cases/Roc_DEP_Transaction_Program/Activity_Controller_Verify_Response' successfully

2019-06-24 09:22:08 - [TEST_CASE][PASSED] - Test Cases/Roc_DEP_Transaction_Program/Activity_Controller_Verify_Response: Test Cases/Roc_DEP_Transaction_Program/Activity_Controller_Verify_Response

2019-06-24 09:22:08 - [TEST_STEP][PASSED] - response = sendRequest(findTestObject("Roc_DEP_Transaction_Program/Activity_Controller_Verify_Response", ["URLS":activityid_url])): Send request successfully

2019-06-24 09:22:08 - [MESSAGE][INFO] - HAR: C:\Users\khaja.h\Katalon Studio\ADDI_Connect\Reports\Roc_DEP_Transaction_Program\20190624_091900\requests\main\29.har

2019-06-24 09:22:08 - [MESSAGE][PASSED] - Send request successfully

2019-06-24 09:22:08 - [TEST_STEP][PASSED] - verifyResponseStatusCode(response, 200): Verify response status code successfully

2019-06-24 09:22:08 - [MESSAGE][PASSED] - Verify response status code successfully

2019-06-24 09:22:08 - [TEST_STEP][PASSED] - P_Name = pro_name: null

2019-06-24 09:22:08 - [TEST_STEP][PASSED] - println("public variable _program_Name:- " + P_Name): null

2019-06-24 09:22:08 - [TEST_STEP][PASSED] - verifyElementPropertyValue(response, "[0].programName", P_Name): Verify element property value successfully

2019-06-24 09:22:08 - [MESSAGE][PASSED] - Verify element property value successfully

2019-06-24 09:22:08 - [TEST_STEP][PASSED] - slurper = new groovy.json.JsonSlurper(): null

2019-06-24 09:22:08 - [TEST_STEP][PASSED] - result = slurper.parseText(response.getResponseBodyContent()): null

2019-06-24 09:22:08 - [TEST_STEP][PASSED] - programname = programName: null

2019-06-24 09:22:08 - [TEST_STEP][PASSED] - activitytype = activityType: null

2019-06-24 09:22:08 - [TEST_STEP][PASSED] - if (activitytype.equalsIgnoreCase("LINK")): null

2019-06-24 09:22:08 - [TEST_STEP][PASSED] - verifyElementPropertyValue(response, "[0].programName", P_Name): Verify element property value successfully

2019-06-24 09:22:08 - [MESSAGE][PASSED] - Verify element property value successfully

2019-06-24 09:22:08 - [TEST_STEP][PASSED] - println("programname is :- " + programname + "   Activity type is :- " + activitytype): null

2019-06-24 09:22:08 - [MESSAGE][PASSED] - Call Test Case 'Test Cases/Roc_DEP_Transaction_Program/Activity_Controller_Verify_Response' successfully

2019-06-24 09:22:08 - [TEST_STEP][PASSED] - str = function_application: null

2019-06-24 09:22:08 - [TEST_STEP][PASSED] - s = str.split(","): null

2019-06-24 09:22:08 - [TEST_STEP][PASSED] - application = s[0]: null

2019-06-24 09:22:08 - [TEST_STEP][PASSED] - function = s[1]: null

2019-06-24 09:22:08 - [TEST_STEP][PASSED] - transaction_controller_url = "http://localhost:9090/hogan-connector/transaction/" + function + "/" + application: null

2019-06-24 09:22:08 - [TEST_STEP][PASSED] - println("Activity Controller Url - " + i + ":-- " + activity_controller_url): null

2019-06-24 09:22:08 - [TEST_STEP][PASSED] - println("Transaction Controller Url - " + i + ":-- " + transaction_controller_url): null

2019-06-24 09:22:08 - [TEST_STEP][PASSED] - callTestCase(findTestCase("Roc_DEP_Transaction_Program/Transaction_Controller_Verify_Response"), ["transaction_url":transaction_controller_url, "Function":function, "Application":application], CONTINUE_ON_FAILURE): Call Test Case 'Test Cases/Roc_DEP_Transaction_Program/Transaction_Controller_Verify_Response' successfully

2019-06-24 09:22:08 - [TEST_CASE][PASSED] - Test Cases/Roc_DEP_Transaction_Program/Transaction_Controller_Verify_Response: Test Cases/Roc_DEP_Transaction_Program/Transaction_Controller_Verify_Response

2019-06-24 09:22:08 - [TEST_STEP][PASSED] - response = sendRequest(findTestObject("Roc_DEP_Transaction_Program/Transaction_Controller_Verify_Response", ["URL":transaction_url])): Send request successfully

2019-06-24 09:22:11 - [MESSAGE][INFO] - HAR: C:\Users\khaja.h\Katalon Studio\ADDI_Connect\Reports\Roc_DEP_Transaction_Program\20190624_091900\requests\main\30.har

2019-06-24 09:22:11 - [MESSAGE][PASSED] - Send request successfully

2019-06-24 09:22:11 - [TEST_STEP][PASSED] - verifyResponseStatusCode(response, 200): Verify response status code successfully

2019-06-24 09:22:11 - [MESSAGE][PASSED] - Verify response status code successfully

2019-06-24 09:22:11 - [TEST_STEP][PASSED] - application = Application: null

2019-06-24 09:22:11 - [TEST_STEP][PASSED] - function = Function: null

2019-06-24 09:22:11 - [TEST_STEP][PASSED] - println("application:- " + application): null

2019-06-24 09:22:11 - [TEST_STEP][PASSED] - println("function:- " + function): null

2019-06-24 09:22:11 - [TEST_STEP][PASSED] - verifyElementPropertyValue(response, "[0].application", application): Verify element property value successfully

2019-06-24 09:22:11 - [MESSAGE][PASSED] - Verify element property value successfully

2019-06-24 09:22:11 - [TEST_STEP][PASSED] - verifyElementPropertyValue(response, "[0].function", function): Verify element property value successfully

2019-06-24 09:22:11 - [MESSAGE][PASSED] - Verify element property value successfully

2019-06-24 09:22:11 - [MESSAGE][PASSED] - Call Test Case 'Test Cases/Roc_DEP_Transaction_Program/Transaction_Controller_Verify_Response' successfully

2019-06-24 09:22:11 - [TEST_STEP][PASSED] - function_application = value: null

2019-06-24 09:22:11 - [TEST_STEP][PASSED] - activityId = annText: null

2019-06-24 09:22:11 - [TEST_STEP][PASSED] - st = activityId.split(" "): null

2019-06-24 09:22:11 - [TEST_STEP][PASSED] - activity_id = st[0]: null

2019-06-24 09:22:11 - [TEST_STEP][PASSED] - program_Name = value: null

2019-06-24 09:22:11 - [TEST_STEP][PASSED] - activity_controller_url = "http://localhost:9090/hogan-connector/activity/" + activity_id: null

2019-06-24 09:22:11 - [TEST_STEP][PASSED] - callTestCase(findTestCase("Roc_DEP_Transaction_Program/Activity_Controller_Verify_Response"), ["activityid_url":activity_controller_url, "pro_name":program_Name], CONTINUE_ON_FAILURE): Call Test Case 'Test Cases/Roc_DEP_Transaction_Program/Activity_Controller_Verify_Response' successfully

2019-06-24 09:22:11 - [TEST_CASE][PASSED] - Test Cases/Roc_DEP_Transaction_Program/Activity_Controller_Verify_Response: Test Cases/Roc_DEP_Transaction_Program/Activity_Controller_Verify_Response

2019-06-24 09:22:11 - [TEST_STEP][PASSED] - response = sendRequest(findTestObject("Roc_DEP_Transaction_Program/Activity_Controller_Verify_Response", ["URLS":activityid_url])): Send request successfully

2019-06-24 09:22:11 - [MESSAGE][INFO] - HAR: C:\Users\khaja.h\Katalon Studio\ADDI_Connect\Reports\Roc_DEP_Transaction_Program\20190624_091900\requests\main\31.har

2019-06-24 09:22:11 - [MESSAGE][PASSED] - Send request successfully

2019-06-24 09:22:11 - [TEST_STEP][PASSED] - verifyResponseStatusCode(response, 200): Verify response status code successfully

2019-06-24 09:22:11 - [MESSAGE][PASSED] - Verify response status code successfully

2019-06-24 09:22:11 - [TEST_STEP][PASSED] - P_Name = pro_name: null

2019-06-24 09:22:11 - [TEST_STEP][PASSED] - println("public variable _program_Name:- " + P_Name): null

2019-06-24 09:22:11 - [TEST_STEP][PASSED] - verifyElementPropertyValue(response, "[0].programName", P_Name): Verify element property value successfully

2019-06-24 09:22:11 - [MESSAGE][PASSED] - Verify element property value successfully

2019-06-24 09:22:11 - [TEST_STEP][PASSED] - slurper = new groovy.json.JsonSlurper(): null

2019-06-24 09:22:11 - [TEST_STEP][PASSED] - result = slurper.parseText(response.getResponseBodyContent()): null

2019-06-24 09:22:11 - [TEST_STEP][PASSED] - programname = programName: null

2019-06-24 09:22:11 - [TEST_STEP][PASSED] - activitytype = activityType: null

2019-06-24 09:22:11 - [TEST_STEP][PASSED] - if (activitytype.equalsIgnoreCase("LINK")): null

2019-06-24 09:22:11 - [TEST_STEP][PASSED] - verifyElementPropertyValue(response, "[0].programName", P_Name): Verify element property value successfully

2019-06-24 09:22:11 - [MESSAGE][PASSED] - Verify element property value successfully

2019-06-24 09:22:11 - [TEST_STEP][PASSED] - println("programname is :- " + programname + "   Activity type is :- " + activitytype): null

2019-06-24 09:22:11 - [MESSAGE][PASSED] - Call Test Case 'Test Cases/Roc_DEP_Transaction_Program/Activity_Controller_Verify_Response' successfully

2019-06-24 09:22:11 - [TEST_STEP][PASSED] - str = function_application: null

2019-06-24 09:22:11 - [TEST_STEP][PASSED] - s = str.split(","): null

2019-06-24 09:22:11 - [TEST_STEP][PASSED] - application = s[0]: null

2019-06-24 09:22:11 - [TEST_STEP][PASSED] - function = s[1]: null

2019-06-24 09:22:11 - [TEST_STEP][PASSED] - transaction_controller_url = "http://localhost:9090/hogan-connector/transaction/" + function + "/" + application: null

2019-06-24 09:22:11 - [TEST_STEP][PASSED] - println("Activity Controller Url - " + i + ":-- " + activity_controller_url): null

2019-06-24 09:22:11 - [TEST_STEP][PASSED] - println("Transaction Controller Url - " + i + ":-- " + transaction_controller_url): null

2019-06-24 09:22:11 - [TEST_STEP][PASSED] - callTestCase(findTestCase("Roc_DEP_Transaction_Program/Transaction_Controller_Verify_Response"), ["transaction_url":transaction_controller_url, "Function":function, "Application":application], CONTINUE_ON_FAILURE): Call Test Case 'Test Cases/Roc_DEP_Transaction_Program/Transaction_Controller_Verify_Response' successfully

2019-06-24 09:22:11 - [TEST_CASE][PASSED] - Test Cases/Roc_DEP_Transaction_Program/Transaction_Controller_Verify_Response: Test Cases/Roc_DEP_Transaction_Program/Transaction_Controller_Verify_Response

2019-06-24 09:22:11 - [TEST_STEP][PASSED] - response = sendRequest(findTestObject("Roc_DEP_Transaction_Program/Transaction_Controller_Verify_Response", ["URL":transaction_url])): Send request successfully

2019-06-24 09:22:14 - [MESSAGE][INFO] - HAR: C:\Users\khaja.h\Katalon Studio\ADDI_Connect\Reports\Roc_DEP_Transaction_Program\20190624_091900\requests\main\32.har

2019-06-24 09:22:14 - [MESSAGE][PASSED] - Send request successfully

2019-06-24 09:22:14 - [TEST_STEP][PASSED] - verifyResponseStatusCode(response, 200): Verify response status code successfully

2019-06-24 09:22:14 - [MESSAGE][PASSED] - Verify response status code successfully

2019-06-24 09:22:14 - [TEST_STEP][PASSED] - application = Application: null

2019-06-24 09:22:14 - [TEST_STEP][PASSED] - function = Function: null

2019-06-24 09:22:14 - [TEST_STEP][PASSED] - println("application:- " + application): null

2019-06-24 09:22:14 - [TEST_STEP][PASSED] - println("function:- " + function): null

2019-06-24 09:22:14 - [TEST_STEP][PASSED] - verifyElementPropertyValue(response, "[0].application", application): Verify element property value successfully

2019-06-24 09:22:14 - [MESSAGE][PASSED] - Verify element property value successfully

2019-06-24 09:22:14 - [TEST_STEP][PASSED] - verifyElementPropertyValue(response, "[0].function", function): Verify element property value successfully

2019-06-24 09:22:14 - [MESSAGE][PASSED] - Verify element property value successfully

2019-06-24 09:22:14 - [MESSAGE][PASSED] - Call Test Case 'Test Cases/Roc_DEP_Transaction_Program/Transaction_Controller_Verify_Response' successfully

2019-06-24 09:22:14 - [TEST_STEP][PASSED] - function_application = value: null

2019-06-24 09:22:14 - [TEST_STEP][PASSED] - activityId = annText: null

2019-06-24 09:22:14 - [TEST_STEP][PASSED] - st = activityId.split(" "): null

2019-06-24 09:22:14 - [TEST_STEP][PASSED] - activity_id = st[0]: null

2019-06-24 09:22:14 - [TEST_STEP][PASSED] - program_Name = value: null

2019-06-24 09:22:14 - [TEST_STEP][PASSED] - activity_controller_url = "http://localhost:9090/hogan-connector/activity/" + activity_id: null

2019-06-24 09:22:14 - [TEST_STEP][PASSED] - callTestCase(findTestCase("Roc_DEP_Transaction_Program/Activity_Controller_Verify_Response"), ["activityid_url":activity_controller_url, "pro_name":program_Name], CONTINUE_ON_FAILURE): Call Test Case 'Test Cases/Roc_DEP_Transaction_Program/Activity_Controller_Verify_Response' successfully

2019-06-24 09:22:14 - [TEST_CASE][PASSED] - Test Cases/Roc_DEP_Transaction_Program/Activity_Controller_Verify_Response: Test Cases/Roc_DEP_Transaction_Program/Activity_Controller_Verify_Response

2019-06-24 09:22:14 - [TEST_STEP][PASSED] - response = sendRequest(findTestObject("Roc_DEP_Transaction_Program/Activity_Controller_Verify_Response", ["URLS":activityid_url])): Send request successfully

2019-06-24 09:22:15 - [MESSAGE][INFO] - HAR: C:\Users\khaja.h\Katalon Studio\ADDI_Connect\Reports\Roc_DEP_Transaction_Program\20190624_091900\requests\main\33.har

2019-06-24 09:22:15 - [MESSAGE][PASSED] - Send request successfully

2019-06-24 09:22:15 - [TEST_STEP][PASSED] - verifyResponseStatusCode(response, 200): Verify response status code successfully

2019-06-24 09:22:15 - [MESSAGE][PASSED] - Verify response status code successfully

2019-06-24 09:22:15 - [TEST_STEP][PASSED] - P_Name = pro_name: null

2019-06-24 09:22:15 - [TEST_STEP][PASSED] - println("public variable _program_Name:- " + P_Name): null

2019-06-24 09:22:15 - [TEST_STEP][PASSED] - verifyElementPropertyValue(response, "[0].programName", P_Name): Verify element property value successfully

2019-06-24 09:22:15 - [MESSAGE][PASSED] - Verify element property value successfully

2019-06-24 09:22:15 - [TEST_STEP][PASSED] - slurper = new groovy.json.JsonSlurper(): null

2019-06-24 09:22:15 - [TEST_STEP][PASSED] - result = slurper.parseText(response.getResponseBodyContent()): null

2019-06-24 09:22:15 - [TEST_STEP][PASSED] - programname = programName: null

2019-06-24 09:22:15 - [TEST_STEP][PASSED] - activitytype = activityType: null

2019-06-24 09:22:15 - [TEST_STEP][PASSED] - if (activitytype.equalsIgnoreCase("LINK")): null

2019-06-24 09:22:15 - [TEST_STEP][PASSED] - verifyElementPropertyValue(response, "[0].programName", P_Name): Verify element property value successfully

2019-06-24 09:22:15 - [MESSAGE][PASSED] - Verify element property value successfully

2019-06-24 09:22:15 - [TEST_STEP][PASSED] - println("programname is :- " + programname + "   Activity type is :- " + activitytype): null

2019-06-24 09:22:15 - [MESSAGE][PASSED] - Call Test Case 'Test Cases/Roc_DEP_Transaction_Program/Activity_Controller_Verify_Response' successfully

2019-06-24 09:22:15 - [TEST_STEP][PASSED] - str = function_application: null

2019-06-24 09:22:15 - [TEST_STEP][PASSED] - s = str.split(","): null

2019-06-24 09:22:15 - [TEST_STEP][PASSED] - application = s[0]: null

2019-06-24 09:22:15 - [TEST_STEP][PASSED] - function = s[1]: null

2019-06-24 09:22:15 - [TEST_STEP][PASSED] - transaction_controller_url = "http://localhost:9090/hogan-connector/transaction/" + function + "/" + application: null

2019-06-24 09:22:15 - [TEST_STEP][PASSED] - println("Activity Controller Url - " + i + ":-- " + activity_controller_url): null

2019-06-24 09:22:15 - [TEST_STEP][PASSED] - println("Transaction Controller Url - " + i + ":-- " + transaction_controller_url): null

2019-06-24 09:22:15 - [TEST_STEP][PASSED] - callTestCase(findTestCase("Roc_DEP_Transaction_Program/Transaction_Controller_Verify_Response"), ["transaction_url":transaction_controller_url, "Function":function, "Application":application], CONTINUE_ON_FAILURE): Call Test Case 'Test Cases/Roc_DEP_Transaction_Program/Transaction_Controller_Verify_Response' successfully

2019-06-24 09:22:15 - [TEST_CASE][PASSED] - Test Cases/Roc_DEP_Transaction_Program/Transaction_Controller_Verify_Response: Test Cases/Roc_DEP_Transaction_Program/Transaction_Controller_Verify_Response

2019-06-24 09:22:15 - [TEST_STEP][PASSED] - response = sendRequest(findTestObject("Roc_DEP_Transaction_Program/Transaction_Controller_Verify_Response", ["URL":transaction_url])): Send request successfully

2019-06-24 09:22:18 - [MESSAGE][INFO] - HAR: C:\Users\khaja.h\Katalon Studio\ADDI_Connect\Reports\Roc_DEP_Transaction_Program\20190624_091900\requests\main\34.har

2019-06-24 09:22:18 - [MESSAGE][PASSED] - Send request successfully

2019-06-24 09:22:18 - [TEST_STEP][PASSED] - verifyResponseStatusCode(response, 200): Verify response status code successfully

2019-06-24 09:22:18 - [MESSAGE][PASSED] - Verify response status code successfully

2019-06-24 09:22:18 - [TEST_STEP][PASSED] - application = Application: null

2019-06-24 09:22:18 - [TEST_STEP][PASSED] - function = Function: null

2019-06-24 09:22:18 - [TEST_STEP][PASSED] - println("application:- " + application): null

2019-06-24 09:22:18 - [TEST_STEP][PASSED] - println("function:- " + function): null

2019-06-24 09:22:18 - [TEST_STEP][PASSED] - verifyElementPropertyValue(response, "[0].application", application): Verify element property value successfully

2019-06-24 09:22:18 - [MESSAGE][PASSED] - Verify element property value successfully

2019-06-24 09:22:18 - [TEST_STEP][PASSED] - verifyElementPropertyValue(response, "[0].function", function): Verify element property value successfully

2019-06-24 09:22:18 - [MESSAGE][PASSED] - Verify element property value successfully

2019-06-24 09:22:18 - [MESSAGE][PASSED] - Call Test Case 'Test Cases/Roc_DEP_Transaction_Program/Transaction_Controller_Verify_Response' successfully

2019-06-24 09:22:18 - [TEST_STEP][PASSED] - function_application = value: null

2019-06-24 09:22:18 - [TEST_STEP][PASSED] - activityId = annText: null

2019-06-24 09:22:18 - [TEST_STEP][PASSED] - st = activityId.split(" "): null

2019-06-24 09:22:18 - [TEST_STEP][PASSED] - activity_id = st[0]: null

2019-06-24 09:22:18 - [TEST_STEP][PASSED] - program_Name = value: null

2019-06-24 09:22:18 - [TEST_STEP][PASSED] - activity_controller_url = "http://localhost:9090/hogan-connector/activity/" + activity_id: null

2019-06-24 09:22:18 - [TEST_STEP][PASSED] - callTestCase(findTestCase("Roc_DEP_Transaction_Program/Activity_Controller_Verify_Response"), ["activityid_url":activity_controller_url, "pro_name":program_Name], CONTINUE_ON_FAILURE): Call Test Case 'Test Cases/Roc_DEP_Transaction_Program/Activity_Controller_Verify_Response' successfully

2019-06-24 09:22:18 - [TEST_CASE][PASSED] - Test Cases/Roc_DEP_Transaction_Program/Activity_Controller_Verify_Response: Test Cases/Roc_DEP_Transaction_Program/Activity_Controller_Verify_Response

2019-06-24 09:22:18 - [TEST_STEP][PASSED] - response = sendRequest(findTestObject("Roc_DEP_Transaction_Program/Activity_Controller_Verify_Response", ["URLS":activityid_url])): Send request successfully

2019-06-24 09:22:18 - [MESSAGE][INFO] - HAR: C:\Users\khaja.h\Katalon Studio\ADDI_Connect\Reports\Roc_DEP_Transaction_Program\20190624_091900\requests\main\35.har

2019-06-24 09:22:18 - [MESSAGE][PASSED] - Send request successfully

2019-06-24 09:22:18 - [TEST_STEP][PASSED] - verifyResponseStatusCode(response, 200): Verify response status code successfully

2019-06-24 09:22:18 - [MESSAGE][PASSED] - Verify response status code successfully

2019-06-24 09:22:18 - [TEST_STEP][PASSED] - P_Name = pro_name: null

2019-06-24 09:22:18 - [TEST_STEP][PASSED] - println("public variable _program_Name:- " + P_Name): null

2019-06-24 09:22:18 - [TEST_STEP][PASSED] - verifyElementPropertyValue(response, "[0].programName", P_Name): Verify element property value successfully

2019-06-24 09:22:18 - [MESSAGE][PASSED] - Verify element property value successfully

2019-06-24 09:22:18 - [TEST_STEP][PASSED] - slurper = new groovy.json.JsonSlurper(): null

2019-06-24 09:22:18 - [TEST_STEP][PASSED] - result = slurper.parseText(response.getResponseBodyContent()): null

2019-06-24 09:22:18 - [TEST_STEP][PASSED] - programname = programName: null

2019-06-24 09:22:18 - [TEST_STEP][PASSED] - activitytype = activityType: null

2019-06-24 09:22:18 - [TEST_STEP][PASSED] - if (activitytype.equalsIgnoreCase("LINK")): null

2019-06-24 09:22:18 - [TEST_STEP][PASSED] - verifyElementPropertyValue(response, "[0].programName", P_Name): Verify element property value successfully

2019-06-24 09:22:18 - [MESSAGE][PASSED] - Verify element property value successfully

2019-06-24 09:22:18 - [TEST_STEP][PASSED] - println("programname is :- " + programname + "   Activity type is :- " + activitytype): null

2019-06-24 09:22:18 - [MESSAGE][PASSED] - Call Test Case 'Test Cases/Roc_DEP_Transaction_Program/Activity_Controller_Verify_Response' successfully

2019-06-24 09:22:18 - [TEST_STEP][PASSED] - str = function_application: null

2019-06-24 09:22:18 - [TEST_STEP][PASSED] - s = str.split(","): null

2019-06-24 09:22:18 - [TEST_STEP][PASSED] - application = s[0]: null

2019-06-24 09:22:18 - [TEST_STEP][PASSED] - function = s[1]: null

2019-06-24 09:22:18 - [TEST_STEP][PASSED] - transaction_controller_url = "http://localhost:9090/hogan-connector/transaction/" + function + "/" + application: null

2019-06-24 09:22:18 - [TEST_STEP][PASSED] - println("Activity Controller Url - " + i + ":-- " + activity_controller_url): null

2019-06-24 09:22:18 - [TEST_STEP][PASSED] - println("Transaction Controller Url - " + i + ":-- " + transaction_controller_url): null

2019-06-24 09:22:18 - [TEST_STEP][PASSED] - callTestCase(findTestCase("Roc_DEP_Transaction_Program/Transaction_Controller_Verify_Response"), ["transaction_url":transaction_controller_url, "Function":function, "Application":application], CONTINUE_ON_FAILURE): Call Test Case 'Test Cases/Roc_DEP_Transaction_Program/Transaction_Controller_Verify_Response' successfully

2019-06-24 09:22:18 - [TEST_CASE][PASSED] - Test Cases/Roc_DEP_Transaction_Program/Transaction_Controller_Verify_Response: Test Cases/Roc_DEP_Transaction_Program/Transaction_Controller_Verify_Response

2019-06-24 09:22:18 - [TEST_STEP][PASSED] - response = sendRequest(findTestObject("Roc_DEP_Transaction_Program/Transaction_Controller_Verify_Response", ["URL":transaction_url])): Send request successfully

2019-06-24 09:22:21 - [MESSAGE][INFO] - HAR: C:\Users\khaja.h\Katalon Studio\ADDI_Connect\Reports\Roc_DEP_Transaction_Program\20190624_091900\requests\main\36.har

2019-06-24 09:22:21 - [MESSAGE][PASSED] - Send request successfully

2019-06-24 09:22:21 - [TEST_STEP][PASSED] - verifyResponseStatusCode(response, 200): Verify response status code successfully

2019-06-24 09:22:21 - [MESSAGE][PASSED] - Verify response status code successfully

2019-06-24 09:22:21 - [TEST_STEP][PASSED] - application = Application: null

2019-06-24 09:22:21 - [TEST_STEP][PASSED] - function = Function: null

2019-06-24 09:22:21 - [TEST_STEP][PASSED] - println("application:- " + application): null

2019-06-24 09:22:21 - [TEST_STEP][PASSED] - println("function:- " + function): null

2019-06-24 09:22:21 - [TEST_STEP][PASSED] - verifyElementPropertyValue(response, "[0].application", application): Verify element property value successfully

2019-06-24 09:22:21 - [MESSAGE][PASSED] - Verify element property value successfully

2019-06-24 09:22:21 - [TEST_STEP][PASSED] - verifyElementPropertyValue(response, "[0].function", function): Verify element property value successfully

2019-06-24 09:22:21 - [MESSAGE][PASSED] - Verify element property value successfully

2019-06-24 09:22:21 - [MESSAGE][PASSED] - Call Test Case 'Test Cases/Roc_DEP_Transaction_Program/Transaction_Controller_Verify_Response' successfully

2019-06-24 09:22:21 - [TEST_STEP][PASSED] - function_application = value: null

2019-06-24 09:22:21 - [TEST_STEP][PASSED] - activityId = annText: null

2019-06-24 09:22:21 - [TEST_STEP][PASSED] - st = activityId.split(" "): null

2019-06-24 09:22:21 - [TEST_STEP][PASSED] - activity_id = st[0]: null

2019-06-24 09:22:21 - [TEST_STEP][PASSED] - program_Name = value: null

2019-06-24 09:22:21 - [TEST_STEP][PASSED] - activity_controller_url = "http://localhost:9090/hogan-connector/activity/" + activity_id: null

2019-06-24 09:22:21 - [TEST_STEP][PASSED] - callTestCase(findTestCase("Roc_DEP_Transaction_Program/Activity_Controller_Verify_Response"), ["activityid_url":activity_controller_url, "pro_name":program_Name], CONTINUE_ON_FAILURE): Call Test Case 'Test Cases/Roc_DEP_Transaction_Program/Activity_Controller_Verify_Response' successfully

2019-06-24 09:22:21 - [TEST_CASE][PASSED] - Test Cases/Roc_DEP_Transaction_Program/Activity_Controller_Verify_Response: Test Cases/Roc_DEP_Transaction_Program/Activity_Controller_Verify_Response

2019-06-24 09:22:21 - [TEST_STEP][PASSED] - response = sendRequest(findTestObject("Roc_DEP_Transaction_Program/Activity_Controller_Verify_Response", ["URLS":activityid_url])): Send request successfully

2019-06-24 09:22:21 - [MESSAGE][INFO] - HAR: C:\Users\khaja.h\Katalon Studio\ADDI_Connect\Reports\Roc_DEP_Transaction_Program\20190624_091900\requests\main\37.har

2019-06-24 09:22:21 - [MESSAGE][PASSED] - Send request successfully

2019-06-24 09:22:21 - [TEST_STEP][PASSED] - verifyResponseStatusCode(response, 200): Verify response status code successfully

2019-06-24 09:22:21 - [MESSAGE][PASSED] - Verify response status code successfully

2019-06-24 09:22:21 - [TEST_STEP][PASSED] - P_Name = pro_name: null

2019-06-24 09:22:21 - [TEST_STEP][PASSED] - println("public variable _program_Name:- " + P_Name): null

2019-06-24 09:22:21 - [TEST_STEP][PASSED] - verifyElementPropertyValue(response, "[0].programName", P_Name): Verify element property value successfully

2019-06-24 09:22:21 - [MESSAGE][PASSED] - Verify element property value successfully

2019-06-24 09:22:21 - [TEST_STEP][PASSED] - slurper = new groovy.json.JsonSlurper(): null

2019-06-24 09:22:21 - [TEST_STEP][PASSED] - result = slurper.parseText(response.getResponseBodyContent()): null

2019-06-24 09:22:21 - [TEST_STEP][PASSED] - programname = programName: null

2019-06-24 09:22:21 - [TEST_STEP][PASSED] - activitytype = activityType: null

2019-06-24 09:22:21 - [TEST_STEP][PASSED] - if (activitytype.equalsIgnoreCase("LINK")): null

2019-06-24 09:22:21 - [TEST_STEP][PASSED] - verifyElementPropertyValue(response, "[0].programName", P_Name): Verify element property value successfully

2019-06-24 09:22:21 - [MESSAGE][PASSED] - Verify element property value successfully

2019-06-24 09:22:21 - [TEST_STEP][PASSED] - println("programname is :- " + programname + "   Activity type is :- " + activitytype): null

2019-06-24 09:22:21 - [MESSAGE][PASSED] - Call Test Case 'Test Cases/Roc_DEP_Transaction_Program/Activity_Controller_Verify_Response' successfully

2019-06-24 09:22:21 - [TEST_STEP][PASSED] - str = function_application: null

2019-06-24 09:22:21 - [TEST_STEP][PASSED] - s = str.split(","): null

2019-06-24 09:22:21 - [TEST_STEP][PASSED] - application = s[0]: null

2019-06-24 09:22:21 - [TEST_STEP][PASSED] - function = s[1]: null

2019-06-24 09:22:21 - [TEST_STEP][PASSED] - transaction_controller_url = "http://localhost:9090/hogan-connector/transaction/" + function + "/" + application: null

2019-06-24 09:22:21 - [TEST_STEP][PASSED] - println("Activity Controller Url - " + i + ":-- " + activity_controller_url): null

2019-06-24 09:22:21 - [TEST_STEP][PASSED] - println("Transaction Controller Url - " + i + ":-- " + transaction_controller_url): null

2019-06-24 09:22:21 - [TEST_STEP][PASSED] - callTestCase(findTestCase("Roc_DEP_Transaction_Program/Transaction_Controller_Verify_Response"), ["transaction_url":transaction_controller_url, "Function":function, "Application":application], CONTINUE_ON_FAILURE): Call Test Case 'Test Cases/Roc_DEP_Transaction_Program/Transaction_Controller_Verify_Response' successfully

2019-06-24 09:22:21 - [TEST_CASE][PASSED] - Test Cases/Roc_DEP_Transaction_Program/Transaction_Controller_Verify_Response: Test Cases/Roc_DEP_Transaction_Program/Transaction_Controller_Verify_Response

2019-06-24 09:22:21 - [TEST_STEP][PASSED] - response = sendRequest(findTestObject("Roc_DEP_Transaction_Program/Transaction_Controller_Verify_Response", ["URL":transaction_url])): Send request successfully

2019-06-24 09:22:24 - [MESSAGE][INFO] - HAR: C:\Users\khaja.h\Katalon Studio\ADDI_Connect\Reports\Roc_DEP_Transaction_Program\20190624_091900\requests\main\38.har

2019-06-24 09:22:24 - [MESSAGE][PASSED] - Send request successfully

2019-06-24 09:22:24 - [TEST_STEP][PASSED] - verifyResponseStatusCode(response, 200): Verify response status code successfully

2019-06-24 09:22:24 - [MESSAGE][PASSED] - Verify response status code successfully

2019-06-24 09:22:24 - [TEST_STEP][PASSED] - application = Application: null

2019-06-24 09:22:24 - [TEST_STEP][PASSED] - function = Function: null

2019-06-24 09:22:24 - [TEST_STEP][PASSED] - println("application:- " + application): null

2019-06-24 09:22:24 - [TEST_STEP][PASSED] - println("function:- " + function): null

2019-06-24 09:22:24 - [TEST_STEP][PASSED] - verifyElementPropertyValue(response, "[0].application", application): Verify element property value successfully

2019-06-24 09:22:24 - [MESSAGE][PASSED] - Verify element property value successfully

2019-06-24 09:22:24 - [TEST_STEP][PASSED] - verifyElementPropertyValue(response, "[0].function", function): Verify element property value successfully

2019-06-24 09:22:24 - [MESSAGE][PASSED] - Verify element property value successfully

2019-06-24 09:22:24 - [MESSAGE][PASSED] - Call Test Case 'Test Cases/Roc_DEP_Transaction_Program/Transaction_Controller_Verify_Response' successfully

2019-06-24 09:22:24 - [TEST_STEP][PASSED] - function_application = value: null

2019-06-24 09:22:24 - [TEST_STEP][PASSED] - activityId = annText: null

2019-06-24 09:22:24 - [TEST_STEP][PASSED] - st = activityId.split(" "): null

2019-06-24 09:22:24 - [TEST_STEP][PASSED] - activity_id = st[0]: null

2019-06-24 09:22:24 - [TEST_STEP][PASSED] - program_Name = value: null

2019-06-24 09:22:24 - [TEST_STEP][PASSED] - activity_controller_url = "http://localhost:9090/hogan-connector/activity/" + activity_id: null

2019-06-24 09:22:24 - [TEST_STEP][PASSED] - callTestCase(findTestCase("Roc_DEP_Transaction_Program/Activity_Controller_Verify_Response"), ["activityid_url":activity_controller_url, "pro_name":program_Name], CONTINUE_ON_FAILURE): Call Test Case 'Test Cases/Roc_DEP_Transaction_Program/Activity_Controller_Verify_Response' successfully

2019-06-24 09:22:24 - [TEST_CASE][PASSED] - Test Cases/Roc_DEP_Transaction_Program/Activity_Controller_Verify_Response: Test Cases/Roc_DEP_Transaction_Program/Activity_Controller_Verify_Response

2019-06-24 09:22:24 - [TEST_STEP][PASSED] - response = sendRequest(findTestObject("Roc_DEP_Transaction_Program/Activity_Controller_Verify_Response", ["URLS":activityid_url])): Send request successfully

2019-06-24 09:22:24 - [MESSAGE][INFO] - HAR: C:\Users\khaja.h\Katalon Studio\ADDI_Connect\Reports\Roc_DEP_Transaction_Program\20190624_091900\requests\main\39.har

2019-06-24 09:22:24 - [MESSAGE][PASSED] - Send request successfully

2019-06-24 09:22:24 - [TEST_STEP][PASSED] - verifyResponseStatusCode(response, 200): Verify response status code successfully

2019-06-24 09:22:24 - [MESSAGE][PASSED] - Verify response status code successfully

2019-06-24 09:22:24 - [TEST_STEP][PASSED] - P_Name = pro_name: null

2019-06-24 09:22:24 - [TEST_STEP][PASSED] - println("public variable _program_Name:- " + P_Name): null

2019-06-24 09:22:24 - [TEST_STEP][PASSED] - verifyElementPropertyValue(response, "[0].programName", P_Name): Verify element property value successfully

2019-06-24 09:22:24 - [MESSAGE][PASSED] - Verify element property value successfully

2019-06-24 09:22:24 - [TEST_STEP][PASSED] - slurper = new groovy.json.JsonSlurper(): null

2019-06-24 09:22:24 - [TEST_STEP][PASSED] - result = slurper.parseText(response.getResponseBodyContent()): null

2019-06-24 09:22:24 - [TEST_STEP][PASSED] - programname = programName: null

2019-06-24 09:22:24 - [TEST_STEP][PASSED] - activitytype = activityType: null

2019-06-24 09:22:24 - [TEST_STEP][PASSED] - if (activitytype.equalsIgnoreCase("LINK")): null

2019-06-24 09:22:24 - [TEST_STEP][PASSED] - verifyElementPropertyValue(response, "[0].programName", P_Name): Verify element property value successfully

2019-06-24 09:22:24 - [MESSAGE][PASSED] - Verify element property value successfully

2019-06-24 09:22:24 - [TEST_STEP][PASSED] - println("programname is :- " + programname + "   Activity type is :- " + activitytype): null

2019-06-24 09:22:24 - [MESSAGE][PASSED] - Call Test Case 'Test Cases/Roc_DEP_Transaction_Program/Activity_Controller_Verify_Response' successfully

2019-06-24 09:22:24 - [TEST_STEP][PASSED] - str = function_application: null

2019-06-24 09:22:24 - [TEST_STEP][PASSED] - s = str.split(","): null

2019-06-24 09:22:24 - [TEST_STEP][PASSED] - application = s[0]: null

2019-06-24 09:22:24 - [TEST_STEP][PASSED] - function = s[1]: null

2019-06-24 09:22:24 - [TEST_STEP][PASSED] - transaction_controller_url = "http://localhost:9090/hogan-connector/transaction/" + function + "/" + application: null

2019-06-24 09:22:24 - [TEST_STEP][PASSED] - println("Activity Controller Url - " + i + ":-- " + activity_controller_url): null

2019-06-24 09:22:24 - [TEST_STEP][PASSED] - println("Transaction Controller Url - " + i + ":-- " + transaction_controller_url): null

2019-06-24 09:22:24 - [TEST_STEP][PASSED] - callTestCase(findTestCase("Roc_DEP_Transaction_Program/Transaction_Controller_Verify_Response"), ["transaction_url":transaction_controller_url, "Function":function, "Application":application], CONTINUE_ON_FAILURE): Call Test Case 'Test Cases/Roc_DEP_Transaction_Program/Transaction_Controller_Verify_Response' successfully

2019-06-24 09:22:24 - [TEST_CASE][PASSED] - Test Cases/Roc_DEP_Transaction_Program/Transaction_Controller_Verify_Response: Test Cases/Roc_DEP_Transaction_Program/Transaction_Controller_Verify_Response

2019-06-24 09:22:24 - [TEST_STEP][PASSED] - response = sendRequest(findTestObject("Roc_DEP_Transaction_Program/Transaction_Controller_Verify_Response", ["URL":transaction_url])): Send request successfully

2019-06-24 09:22:27 - [MESSAGE][INFO] - HAR: C:\Users\khaja.h\Katalon Studio\ADDI_Connect\Reports\Roc_DEP_Transaction_Program\20190624_091900\requests\main\40.har

2019-06-24 09:22:27 - [MESSAGE][PASSED] - Send request successfully

2019-06-24 09:22:27 - [TEST_STEP][PASSED] - verifyResponseStatusCode(response, 200): Verify response status code successfully

2019-06-24 09:22:27 - [MESSAGE][PASSED] - Verify response status code successfully

2019-06-24 09:22:27 - [TEST_STEP][PASSED] - application = Application: null

2019-06-24 09:22:27 - [TEST_STEP][PASSED] - function = Function: null

2019-06-24 09:22:27 - [TEST_STEP][PASSED] - println("application:- " + application): null

2019-06-24 09:22:27 - [TEST_STEP][PASSED] - println("function:- " + function): null

2019-06-24 09:22:27 - [TEST_STEP][PASSED] - verifyElementPropertyValue(response, "[0].application", application): Verify element property value successfully

2019-06-24 09:22:27 - [MESSAGE][PASSED] - Verify element property value successfully

2019-06-24 09:22:27 - [TEST_STEP][PASSED] - verifyElementPropertyValue(response, "[0].function", function): Verify element property value successfully

2019-06-24 09:22:27 - [MESSAGE][PASSED] - Verify element property value successfully

2019-06-24 09:22:27 - [MESSAGE][PASSED] - Call Test Case 'Test Cases/Roc_DEP_Transaction_Program/Transaction_Controller_Verify_Response' successfully

2019-06-24 09:22:27 - [TEST_STEP][PASSED] - function_application = value: null

2019-06-24 09:22:27 - [TEST_STEP][PASSED] - activityId = annText: null

2019-06-24 09:22:27 - [TEST_STEP][PASSED] - st = activityId.split(" "): null

2019-06-24 09:22:27 - [TEST_STEP][PASSED] - activity_id = st[0]: null

2019-06-24 09:22:27 - [TEST_STEP][PASSED] - program_Name = value: null

2019-06-24 09:22:27 - [TEST_STEP][PASSED] - activity_controller_url = "http://localhost:9090/hogan-connector/activity/" + activity_id: null

2019-06-24 09:22:27 - [TEST_STEP][PASSED] - callTestCase(findTestCase("Roc_DEP_Transaction_Program/Activity_Controller_Verify_Response"), ["activityid_url":activity_controller_url, "pro_name":program_Name], CONTINUE_ON_FAILURE): Call Test Case 'Test Cases/Roc_DEP_Transaction_Program/Activity_Controller_Verify_Response' successfully

2019-06-24 09:22:27 - [TEST_CASE][PASSED] - Test Cases/Roc_DEP_Transaction_Program/Activity_Controller_Verify_Response: Test Cases/Roc_DEP_Transaction_Program/Activity_Controller_Verify_Response

2019-06-24 09:22:27 - [TEST_STEP][PASSED] - response = sendRequest(findTestObject("Roc_DEP_Transaction_Program/Activity_Controller_Verify_Response", ["URLS":activityid_url])): Send request successfully

2019-06-24 09:22:27 - [MESSAGE][INFO] - HAR: C:\Users\khaja.h\Katalon Studio\ADDI_Connect\Reports\Roc_DEP_Transaction_Program\20190624_091900\requests\main\41.har

2019-06-24 09:22:27 - [MESSAGE][PASSED] - Send request successfully

2019-06-24 09:22:27 - [TEST_STEP][PASSED] - verifyResponseStatusCode(response, 200): Verify response status code successfully

2019-06-24 09:22:27 - [MESSAGE][PASSED] - Verify response status code successfully

2019-06-24 09:22:27 - [TEST_STEP][PASSED] - P_Name = pro_name: null

2019-06-24 09:22:27 - [TEST_STEP][PASSED] - println("public variable _program_Name:- " + P_Name): null

2019-06-24 09:22:27 - [TEST_STEP][PASSED] - verifyElementPropertyValue(response, "[0].programName", P_Name): Verify element property value successfully

2019-06-24 09:22:27 - [MESSAGE][PASSED] - Verify element property value successfully

2019-06-24 09:22:27 - [TEST_STEP][PASSED] - slurper = new groovy.json.JsonSlurper(): null

2019-06-24 09:22:27 - [TEST_STEP][PASSED] - result = slurper.parseText(response.getResponseBodyContent()): null

2019-06-24 09:22:27 - [TEST_STEP][PASSED] - programname = programName: null

2019-06-24 09:22:27 - [TEST_STEP][PASSED] - activitytype = activityType: null

2019-06-24 09:22:27 - [TEST_STEP][PASSED] - if (activitytype.equalsIgnoreCase("LINK")): null

2019-06-24 09:22:27 - [TEST_STEP][PASSED] - verifyElementPropertyValue(response, "[0].programName", P_Name): Verify element property value successfully

2019-06-24 09:22:28 - [MESSAGE][PASSED] - Verify element property value successfully

2019-06-24 09:22:28 - [TEST_STEP][PASSED] - println("programname is :- " + programname + "   Activity type is :- " + activitytype): null

2019-06-24 09:22:28 - [MESSAGE][PASSED] - Call Test Case 'Test Cases/Roc_DEP_Transaction_Program/Activity_Controller_Verify_Response' successfully

2019-06-24 09:22:28 - [TEST_STEP][PASSED] - str = function_application: null

2019-06-24 09:22:28 - [TEST_STEP][PASSED] - s = str.split(","): null

2019-06-24 09:22:28 - [TEST_STEP][PASSED] - application = s[0]: null

2019-06-24 09:22:28 - [TEST_STEP][PASSED] - function = s[1]: null

2019-06-24 09:22:28 - [TEST_STEP][PASSED] - transaction_controller_url = "http://localhost:9090/hogan-connector/transaction/" + function + "/" + application: null

2019-06-24 09:22:28 - [TEST_STEP][PASSED] - println("Activity Controller Url - " + i + ":-- " + activity_controller_url): null

2019-06-24 09:22:28 - [TEST_STEP][PASSED] - println("Transaction Controller Url - " + i + ":-- " + transaction_controller_url): null

2019-06-24 09:22:28 - [TEST_STEP][PASSED] - callTestCase(findTestCase("Roc_DEP_Transaction_Program/Transaction_Controller_Verify_Response"), ["transaction_url":transaction_controller_url, "Function":function, "Application":application], CONTINUE_ON_FAILURE): Call Test Case 'Test Cases/Roc_DEP_Transaction_Program/Transaction_Controller_Verify_Response' successfully

2019-06-24 09:22:28 - [TEST_CASE][PASSED] - Test Cases/Roc_DEP_Transaction_Program/Transaction_Controller_Verify_Response: Test Cases/Roc_DEP_Transaction_Program/Transaction_Controller_Verify_Response

2019-06-24 09:22:28 - [TEST_STEP][PASSED] - response = sendRequest(findTestObject("Roc_DEP_Transaction_Program/Transaction_Controller_Verify_Response", ["URL":transaction_url])): Send request successfully

2019-06-24 09:22:30 - [MESSAGE][INFO] - HAR: C:\Users\khaja.h\Katalon Studio\ADDI_Connect\Reports\Roc_DEP_Transaction_Program\20190624_091900\requests\main\42.har

2019-06-24 09:22:30 - [MESSAGE][PASSED] - Send request successfully

2019-06-24 09:22:30 - [TEST_STEP][PASSED] - verifyResponseStatusCode(response, 200): Verify response status code successfully

2019-06-24 09:22:30 - [MESSAGE][PASSED] - Verify response status code successfully

2019-06-24 09:22:30 - [TEST_STEP][PASSED] - application = Application: null

2019-06-24 09:22:30 - [TEST_STEP][PASSED] - function = Function: null

2019-06-24 09:22:30 - [TEST_STEP][PASSED] - println("application:- " + application): null

2019-06-24 09:22:30 - [TEST_STEP][PASSED] - println("function:- " + function): null

2019-06-24 09:22:30 - [TEST_STEP][PASSED] - verifyElementPropertyValue(response, "[0].application", application): Verify element property value successfully

2019-06-24 09:22:30 - [MESSAGE][PASSED] - Verify element property value successfully

2019-06-24 09:22:30 - [TEST_STEP][PASSED] - verifyElementPropertyValue(response, "[0].function", function): Verify element property value successfully

2019-06-24 09:22:30 - [MESSAGE][PASSED] - Verify element property value successfully

2019-06-24 09:22:30 - [MESSAGE][PASSED] - Call Test Case 'Test Cases/Roc_DEP_Transaction_Program/Transaction_Controller_Verify_Response' successfully]]></system-out>
         <system-err><![CDATA[]]></system-err>
      </testcase>
      <system-out><![CDATA[2019-06-24 09:21:14 - [TEST_SUITE][PASSED] - Roc_DEP_Transaction_Program: Test Cases/Roc_DEP_Transaction_Program/ROC_DEP_hogan_connector_txn_pgm]]></system-out>
      <system-err><![CDATA[]]></system-err>
   </testsuite>
</testsuites>
